Sjasm Z80 Assembler v0.42c - www.xl2s.tk             [2021.11.04 - 00:34:46]

src/world1.asm
Errors: 0

       1   00:0000                              output "world1.bin"
       2   00:C900                      
       3   00:C900  FE                      db   #fe               ; ID archivo binario, siempre hay que poner el mismo 0FEh
       4   00:C901  00 C9                   dw   INICIO            ; dirección de inicio
       5   00:C903  F8 DA                   dw   FINAL - 1         ; dirección final
       6   00:C905  00 C9                   dw   INICIO             ; dircción del programa de ejecución (para cuando pongas r en bload"nombre_programa", r)
       7   00:C907                      
       8   00:C907                          org #c900 ; o 57344, org se utiliza para decirle al z80 en que posición de memoria RAM empieza nuestro programa en ensamblador
       9   00:C900                      
      10   00:C900                      INICIO:
      11   00:C900  C9                      ret ; el ret es necesario para que vuelva al basic
      12   00:C901                      level1:
      13   00:C901                      
      14   00:C901                      
      15   00:C901                          db 170,170,170,170,170,170,170,170,170,170,170,170,170,170,170,170,170,170,170,170,170,170,170,170,170,170,170,170,170,170,170,170,170,170,170,170,170,171,172,170,171,172,173,173,173,173,173,173,173,173,173,170,171,172,173,173,173,173,173,173,173,173,173,173,173,173,173,173,173,173,173,173,173,173,173,173,173,173,173,173,173,173,173,173,173,173,173,173,173,173,173,173,173,170,170,170,170,170,170,170,170,170,170,170,170,170,170,170,170,170,170,170,170,170,170,170,170,170,170,170,170,170,170,170,170,170,170,170,170,170,170,170,170,170,170,170,170,170,170,170,170,170,171,170,170,170,170,170,170,170,170,170,170,170,170,170,170,170,170,170,170,170,170,170,170,170,170,170,170,170,170,170,170,170,170,170,170,170,170,170,170,170,170,170,170,170,170,171,170,170,171,171,170,171,172,173,80,80,80,80
      15   00:C901  AA AA AA AA AA AA AA AA AA AA AA AA AA AA AA AA 
      15   00:C911  AA AA AA AA AA AA AA AA AA AA AA AA AA AA AA AA 
      15   00:C921  AA AA AA AA AA AB AC AA AB AC AD AD AD AD AD AD 
      15   00:C931  AD AD AD AA AB AC AD AD AD AD AD AD AD AD AD AD 
      15   00:C941  AD AD AD AD AD AD AD AD AD AD AD AD AD AD AD AD 
      15   00:C951  AD AD AD AD AD AD AD AD AD AD AD AD AD AA AA AA 
      15   00:C961  AA AA AA AA AA AA AA AA AA AA AA AA AA AA AA AA 
      15   00:C971  AA AA AA AA AA AA AA AA AA AA AA AA AA AA AA AA 
      15   00:C981  AA AA AA AA AA AA AA AA AA AA AA AA AA AA AB AA 
      15   00:C991  AA AA AA AA AA AA AA AA AA AA AA AA AA AA AA AA 
      15   00:C9A1  AA AA AA AA AA AA AA AA AA AA AA AA AA AA AA AA 
      15   00:C9B1  AA AA AA AA AA AA AA AA AA AA AA AB AA AA AB AB 
      15   00:C9C1  AA AB AC AD 50 50 50 50 
      16   00:C9C9                          db 80,80,80,80,80,80,80,80,80,80,80,80,80,80,80,80,80,80,80,80,80,80,80,80,80,80,80,80,80,80,80,80,80,80,80,80,80,80,80,80,172,80,80,80,80,80,80,80,172,80,80,80,80,80,80,80,80,80,80,80,172,80,80,80,80,80,80,80,80,80,80,80,80,80,80,80,80,80,80,80,80,80,80,80,80,80,80,80,80,80,80,80,80,80,172,80,80,80,80,80,80,80,80,80,80,80,80,80,80,80,80,80,80,80,80,80,80,80,80,80,80,80,80,80,80,80,80,80,172,80,80,80,80,80,80,80,80,80,80,80,80,80,80,80,80,80,80,80,80,80,80,80,80,80,80,80,80,80,80,80,80,80,80,80,80,80,80,80,80,80,80,80,80,80,80,80,80,80,80,80,80,80,80,80,80,80,80,80,80,80,80,80,80,80,80,173,80,80,80,80
      16   00:C9C9  50 50 50 50 50 50 50 50 50 50 50 50 50 50 50 50 
      16   00:C9D9  50 50 50 50 50 50 50 50 50 50 50 50 50 50 50 50 
      16   00:C9E9  50 50 50 50 50 50 50 50 AC 50 50 50 50 50 50 50 
      16   00:C9F9  AC 50 50 50 50 50 50 50 50 50 50 50 AC 50 50 50 
      16   00:CA09  50 50 50 50 50 50 50 50 50 50 50 50 50 50 50 50 
      16   00:CA19  50 50 50 50 50 50 50 50 50 50 50 50 50 50 AC 50 
      16   00:CA29  50 50 50 50 50 50 50 50 50 50 50 50 50 50 50 50 
      16   00:CA39  50 50 50 50 50 50 50 50 50 50 50 50 50 50 50 50 
      16   00:CA49  AC 50 50 50 50 50 50 50 50 50 50 50 50 50 50 50 
      16   00:CA59  50 50 50 50 50 50 50 50 50 50 50 50 50 50 50 50 
      16   00:CA69  50 50 50 50 50 50 50 50 50 50 50 50 50 50 50 50 
      16   00:CA79  50 50 50 50 50 50 50 50 50 50 50 50 50 50 50 50 
      16   00:CA89  50 50 50 AD 50 50 50 50 
      17   00:CA91                          db 80,80,80,80,80,80,80,80,80,80,80,80,80,80,80,80,80,80,80,80,80,80,80,80,80,80,80,80,80,80,80,80,80,80,80,80,80,80,80,80,172,80,80,80,80,80,80,80,172,80,80,80,80,80,80,80,80,80,80,172,80,80,80,80,80,80,80,80,80,80,80,80,80,80,80,80,80,80,80,80,80,80,80,80,80,80,80,80,80,80,80,80,80,80,80,170,80,80,80,80,80,80,80,80,80,80,80,80,80,80,80,80,80,80,80,80,80,80,80,80,80,80,80,80,80,80,80,80,80,170,80,80,80,80,80,80,80,80,80,80,80,80,80,80,80,80,80,80,80,80,80,80,80,80,80,80,80,80,80,80,80,80,80,80,80,80,80,80,80,80,80,80,80,80,80,80,80,80,80,80,80,80,80,80,80,80,80,80,80,80,80,80,80,80,80,173,80,80,80,80
      17   00:CA91  50 50 50 50 50 50 50 50 50 50 50 50 50 50 50 50 
      17   00:CAA1  50 50 50 50 50 50 50 50 50 50 50 50 50 50 50 50 
      17   00:CAB1  50 50 50 50 50 50 50 50 AC 50 50 50 50 50 50 50 
      17   00:CAC1  AC 50 50 50 50 50 50 50 50 50 50 AC 50 50 50 50 
      17   00:CAD1  50 50 50 50 50 50 50 50 50 50 50 50 50 50 50 50 
      17   00:CAE1  50 50 50 50 50 50 50 50 50 50 50 50 50 50 50 AA 
      17   00:CAF1  50 50 50 50 50 50 50 50 50 50 50 50 50 50 50 50 
      17   00:CB01  50 50 50 50 50 50 50 50 50 50 50 50 50 50 50 50 
      17   00:CB11  50 AA 50 50 50 50 50 50 50 50 50 50 50 50 50 50 
      17   00:CB21  50 50 50 50 50 50 50 50 50 50 50 50 50 50 50 50 
      17   00:CB31  50 50 50 50 50 50 50 50 50 50 50 50 50 50 50 50 
      17   00:CB41  50 50 50 50 50 50 50 50 50 50 50 50 50 50 50 50 
      17   00:CB51  50 50 50 AD 50 50 50 50 
      18   00:CB59                          db 80,80,80,80,80,80,80,80,80,80,80,80,80,80,80,80,80,80,80,80,80,80,80,80,80,80,80,80,80,80,80,80,80,80,80,80,80,80,80,1,172,5,80,80,80,80,80,80,172,80,80,80,80,80,80,80,80,80,172,80,80,80,80,80,80,80,80,80,80,80,80,80,80,80,80,80,80,80,80,80,80,80,80,80,80,80,80,80,80,80,80,80,80,80,80,80,170,80,80,80,80,80,80,80,80,80,80,80,80,80,80,80,80,80,80,80,80,80,80,80,80,80,80,80,80,80,80,80,80,80,170,80,80,80,80,80,80,80,80,80,80,80,80,80,80,80,80,80,80,80,80,80,80,80,80,80,80,80,80,80,80,80,80,80,80,80,80,80,80,80,80,80,80,80,80,80,80,80,80,80,80,80,80,80,80,80,80,80,80,80,80,80,80,80,80,173,80,80,80,80
      18   00:CB59  50 50 50 50 50 50 50 50 50 50 50 50 50 50 50 50 
      18   00:CB69  50 50 50 50 50 50 50 50 50 50 50 50 50 50 50 50 
      18   00:CB79  50 50 50 50 50 50 50 01 AC 05 50 50 50 50 50 50 
      18   00:CB89  AC 50 50 50 50 50 50 50 50 50 AC 50 50 50 50 50 
      18   00:CB99  50 50 50 50 50 50 50 50 50 50 50 50 50 50 50 50 
      18   00:CBA9  50 50 50 50 50 50 50 50 50 50 50 50 50 50 50 50 
      18   00:CBB9  AA 50 50 50 50 50 50 50 50 50 50 50 50 50 50 50 
      18   00:CBC9  50 50 50 50 50 50 50 50 50 50 50 50 50 50 50 50 
      18   00:CBD9  50 50 AA 50 50 50 50 50 50 50 50 50 50 50 50 50 
      18   00:CBE9  50 50 50 50 50 50 50 50 50 50 50 50 50 50 50 50 
      18   00:CBF9  50 50 50 50 50 50 50 50 50 50 50 50 50 50 50 50 
      18   00:CC09  50 50 50 50 50 50 50 50 50 50 50 50 50 50 50 50 
      18   00:CC19  50 50 50 AD 50 50 50 50 
      19   00:CC21                          db 80,80,171,171,171,171,171,172,171,171,171,171,171,171,171,171,171,171,171,171,172,171,171,171,171,171,171,171,172,172,80,80,172,172,172,172,172,171,171,171,172,171,171,171,171,80,80,171,172,80,80,80,80,80,80,80,80,172,80,80,80,80,80,80,80,80,80,80,80,80,80,80,80,80,80,80,80,80,80,80,80,80,80,80,80,80,80,80,80,80,80,80,80,80,80,80,80,170,80,80,80,80,80,80,80,80,80,80,80,80,80,80,80,80,80,80,80,80,80,80,80,80,80,80,80,80,80,80,80,80,80,170,80,80,80,80,80,80,80,80,80,80,80,80,80,80,80,80,80,80,80,80,80,80,80,80,80,80,80,80,80,80,80,80,80,80,80,80,80,80,80,80,80,80,80,80,80,80,80,80,80,80,80,80,80,80,80,80,80,80,80,80,80,80,80,173,80,80,80,80
      19   00:CC21  50 50 AB AB AB AB AB AC AB AB AB AB AB AB AB AB 
      19   00:CC31  AB AB AB AB AC AB AB AB AB AB AB AB AC AC 50 50 
      19   00:CC41  AC AC AC AC AC AB AB AB AC AB AB AB AB 50 50 AB 
      19   00:CC51  AC 50 50 50 50 50 50 50 50 AC 50 50 50 50 50 50 
      19   00:CC61  50 50 50 50 50 50 50 50 50 50 50 50 50 50 50 50 
      19   00:CC71  50 50 50 50 50 50 50 50 50 50 50 50 50 50 50 50 
      19   00:CC81  50 AA 50 50 50 50 50 50 50 50 50 50 50 50 50 50 
      19   00:CC91  50 50 50 50 50 50 50 50 50 50 50 50 50 50 50 50 
      19   00:CCA1  50 50 50 AA 50 50 50 50 50 50 50 50 50 50 50 50 
      19   00:CCB1  50 50 50 50 50 50 50 50 50 50 50 50 50 50 50 50 
      19   00:CCC1  50 50 50 50 50 50 50 50 50 50 50 50 50 50 50 50 
      19   00:CCD1  50 50 50 50 50 50 50 50 50 50 50 50 50 50 50 50 
      19   00:CCE1  50 50 50 AD 50 50 50 50 
      20   00:CCE9                          db 80,80,80,80,80,80,80,172,80,80,80,80,80,80,80,80,80,80,171,80,80,80,80,80,80,80,80,80,80,80,80,80,80,80,80,80,80,80,80,80,172,80,80,80,80,80,80,80,172,80,80,80,80,80,80,80,80,80,80,80,80,80,80,80,80,80,80,80,80,80,80,80,80,80,80,80,80,80,80,80,80,80,80,80,80,80,80,80,80,80,80,80,80,80,80,80,80,80,170,80,80,80,80,80,80,80,80,80,80,80,80,80,80,80,80,80,80,80,80,80,80,80,80,80,80,80,80,80,80,80,80,80,170,80,80,80,80,80,80,80,80,80,80,80,80,80,80,80,80,80,80,80,80,80,80,80,80,80,80,80,80,80,80,80,80,80,80,80,80,80,80,80,80,80,80,80,80,80,80,80,80,80,80,80,80,80,80,80,80,80,80,80,80,80,80,173,80,80,80,80
      20   00:CCE9  50 50 50 50 50 50 50 AC 50 50 50 50 50 50 50 50 
      20   00:CCF9  50 50 AB 50 50 50 50 50 50 50 50 50 50 50 50 50 
      20   00:CD09  50 50 50 50 50 50 50 50 AC 50 50 50 50 50 50 50 
      20   00:CD19  AC 50 50 50 50 50 50 50 50 50 50 50 50 50 50 50 
      20   00:CD29  50 50 50 50 50 50 50 50 50 50 50 50 50 50 50 50 
      20   00:CD39  50 50 50 50 50 50 50 50 50 50 50 50 50 50 50 50 
      20   00:CD49  50 50 AA 50 50 50 50 50 50 50 50 50 50 50 50 50 
      20   00:CD59  50 50 50 50 50 50 50 50 50 50 50 50 50 50 50 50 
      20   00:CD69  50 50 50 50 AA 50 50 50 50 50 50 50 50 50 50 50 
      20   00:CD79  50 50 50 50 50 50 50 50 50 50 50 50 50 50 50 50 
      20   00:CD89  50 50 50 50 50 50 50 50 50 50 50 50 50 50 50 50 
      20   00:CD99  50 50 50 50 50 50 50 50 50 50 50 50 50 50 50 50 
      20   00:CDA9  50 50 50 AD 50 50 50 50 
      21   00:CDB1                          db 80,80,80,80,80,80,80,172,80,80,80,80,80,80,80,80,80,80,171,80,80,80,80,80,80,80,80,80,80,80,80,80,80,80,80,80,80,80,80,80,172,80,80,80,80,80,80,80,172,173,171,172,173,170,170,170,170,170,170,170,170,170,80,80,80,170,170,170,80,80,170,170,170,80,80,80,170,170,170,80,80,80,170,170,80,80,170,170,80,80,80,173,170,170,170,170,170,170,170,170,170,170,170,170,170,80,80,80,170,170,170,170,170,170,170,170,170,170,170,170,170,170,170,170,170,170,170,170,170,170,170,171,170,170,170,170,170,80,80,170,170,171,172,170,170,170,170,170,170,170,170,170,170,170,80,80,80,80,80,80,80,80,80,80,80,80,80,80,80,80,80,80,80,80,80,80,80,80,80,80,80,80,80,80,80,80,80,80,80,80,80,80,80,80,80,173,80,80,80,80
      21   00:CDB1  50 50 50 50 50 50 50 AC 50 50 50 50 50 50 50 50 
      21   00:CDC1  50 50 AB 50 50 50 50 50 50 50 50 50 50 50 50 50 
      21   00:CDD1  50 50 50 50 50 50 50 50 AC 50 50 50 50 50 50 50 
      21   00:CDE1  AC AD AB AC AD AA AA AA AA AA AA AA AA AA 50 50 
      21   00:CDF1  50 AA AA AA 50 50 AA AA AA 50 50 50 AA AA AA 50 
      21   00:CE01  50 50 AA AA 50 50 AA AA 50 50 50 AD AA AA AA AA 
      21   00:CE11  AA AA AA AA AA AA AA AA AA 50 50 50 AA AA AA AA 
      21   00:CE21  AA AA AA AA AA AA AA AA AA AA AA AA AA AA AA AA 
      21   00:CE31  AA AA AA AB AA AA AA AA AA 50 50 AA AA AB AC AA 
      21   00:CE41  AA AA AA AA AA AA AA AA AA AA 50 50 50 50 50 50 
      21   00:CE51  50 50 50 50 50 50 50 50 50 50 50 50 50 50 50 50 
      21   00:CE61  50 50 50 50 50 50 50 50 50 50 50 50 50 50 50 50 
      21   00:CE71  50 50 50 AD 50 50 50 50 
      22   00:CE79                          db 172,172,172,172,172,80,80,172,80,80,80,80,80,80,80,80,80,80,171,80,80,80,80,80,80,80,80,80,172,172,172,172,172,172,172,172,172,80,80,172,172,80,80,80,80,80,172,172,172,80,80,80,80,80,80,80,80,80,80,80,80,80,80,80,80,80,80,80,80,80,80,80,80,80,80,80,80,80,80,80,80,80,80,80,80,80,80,80,80,80,80,172,80,80,80,80,80,80,80,80,80,80,80,80,80,80,80,80,80,80,80,80,80,80,170,80,80,80,80,80,80,80,80,80,80,80,80,80,80,80,80,80,80,80,80,80,80,80,80,80,80,80,80,80,80,80,80,80,80,80,80,80,80,80,80,80,80,80,80,80,80,80,80,80,80,80,80,80,80,80,80,80,80,80,80,80,80,80,80,80,80,80,80,80,80,80,80,80,80,80,80,80,80,80,80,173,80,80,80,80
      22   00:CE79  AC AC AC AC AC 50 50 AC 50 50 50 50 50 50 50 50 
      22   00:CE89  50 50 AB 50 50 50 50 50 50 50 50 50 AC AC AC AC 
      22   00:CE99  AC AC AC AC AC 50 50 AC AC 50 50 50 50 50 AC AC 
      22   00:CEA9  AC 50 50 50 50 50 50 50 50 50 50 50 50 50 50 50 
      22   00:CEB9  50 50 50 50 50 50 50 50 50 50 50 50 50 50 50 50 
      22   00:CEC9  50 50 50 50 50 50 50 50 50 50 50 AC 50 50 50 50 
      22   00:CED9  50 50 50 50 50 50 50 50 50 50 50 50 50 50 50 50 
      22   00:CEE9  50 50 AA 50 50 50 50 50 50 50 50 50 50 50 50 50 
      22   00:CEF9  50 50 50 50 50 50 50 50 50 50 50 50 50 50 50 50 
      22   00:CF09  50 50 50 50 50 50 50 50 50 50 50 50 50 50 50 50 
      22   00:CF19  50 50 50 50 50 50 50 50 50 50 50 50 50 50 50 50 
      22   00:CF29  50 50 50 50 50 50 50 50 50 50 50 50 50 50 50 50 
      22   00:CF39  50 50 50 AD 50 50 50 50 
      23   00:CF41                          db 80,80,80,80,80,80,80,171,80,80,80,80,80,80,80,80,80,80,80,80,80,80,80,80,80,80,80,80,80,172,80,80,80,80,80,80,80,80,80,80,172,80,80,80,80,80,80,80,172,80,80,80,80,80,80,80,80,80,80,80,80,80,80,80,80,80,80,80,80,80,80,80,80,80,80,80,80,80,80,80,80,80,80,80,80,80,80,80,80,80,172,80,80,80,80,80,80,80,80,80,80,80,80,80,80,80,80,80,80,80,80,80,80,170,80,80,80,80,80,80,80,80,80,80,80,80,80,80,80,80,80,80,80,80,80,80,80,80,80,80,80,80,80,80,80,80,80,80,80,80,80,80,80,80,80,80,80,80,80,80,80,80,80,80,80,80,80,80,80,80,80,80,80,80,80,80,80,80,80,80,80,80,80,80,80,80,80,80,80,80,80,80,80,80,80,173,80,80,80,80
      23   00:CF41  50 50 50 50 50 50 50 AB 50 50 50 50 50 50 50 50 
      23   00:CF51  50 50 50 50 50 50 50 50 50 50 50 50 50 AC 50 50 
      23   00:CF61  50 50 50 50 50 50 50 50 AC 50 50 50 50 50 50 50 
      23   00:CF71  AC 50 50 50 50 50 50 50 50 50 50 50 50 50 50 50 
      23   00:CF81  50 50 50 50 50 50 50 50 50 50 50 50 50 50 50 50 
      23   00:CF91  50 50 50 50 50 50 50 50 50 50 AC 50 50 50 50 50 
      23   00:CFA1  50 50 50 50 50 50 50 50 50 50 50 50 50 50 50 50 
      23   00:CFB1  50 AA 50 50 50 50 50 50 50 50 50 50 50 50 50 50 
      23   00:CFC1  50 50 50 50 50 50 50 50 50 50 50 50 50 50 50 50 
      23   00:CFD1  50 50 50 50 50 50 50 50 50 50 50 50 50 50 50 50 
      23   00:CFE1  50 50 50 50 50 50 50 50 50 50 50 50 50 50 50 50 
      23   00:CFF1  50 50 50 50 50 50 50 50 50 50 50 50 50 50 50 50 
      23   00:D001  50 50 50 AD 50 50 50 50 
      24   00:D009                          db 80,80,80,80,80,80,80,171,80,80,80,80,80,80,80,80,80,80,80,80,80,80,80,80,80,80,80,80,80,172,80,80,80,80,80,80,80,80,80,80,172,80,80,80,80,80,80,80,172,80,80,80,80,80,80,80,80,80,80,80,80,80,80,80,80,80,80,80,80,80,80,80,80,80,80,80,80,80,80,80,80,80,80,80,80,80,80,80,80,172,80,80,80,80,80,80,80,80,80,80,80,80,80,80,80,80,80,80,80,80,80,80,170,80,80,80,80,80,80,80,80,80,80,80,80,80,80,80,80,80,80,80,80,80,80,80,80,80,80,80,80,80,80,80,80,80,80,80,80,80,80,80,80,80,80,80,80,80,80,80,80,80,80,80,80,80,80,80,80,80,80,80,80,80,80,80,80,80,80,80,80,80,80,80,80,80,80,80,80,80,80,80,80,80,80,173,80,80,80,80
      24   00:D009  50 50 50 50 50 50 50 AB 50 50 50 50 50 50 50 50 
      24   00:D019  50 50 50 50 50 50 50 50 50 50 50 50 50 AC 50 50 
      24   00:D029  50 50 50 50 50 50 50 50 AC 50 50 50 50 50 50 50 
      24   00:D039  AC 50 50 50 50 50 50 50 50 50 50 50 50 50 50 50 
      24   00:D049  50 50 50 50 50 50 50 50 50 50 50 50 50 50 50 50 
      24   00:D059  50 50 50 50 50 50 50 50 50 AC 50 50 50 50 50 50 
      24   00:D069  50 50 50 50 50 50 50 50 50 50 50 50 50 50 50 50 
      24   00:D079  AA 50 50 50 50 50 50 50 50 50 50 50 50 50 50 50 
      24   00:D089  50 50 50 50 50 50 50 50 50 50 50 50 50 50 50 50 
      24   00:D099  50 50 50 50 50 50 50 50 50 50 50 50 50 50 50 50 
      24   00:D0A9  50 50 50 50 50 50 50 50 50 50 50 50 50 50 50 50 
      24   00:D0B9  50 50 50 50 50 50 50 50 50 50 50 50 50 50 50 50 
      24   00:D0C9  50 50 50 AD 50 50 50 50 
      25   00:D0D1                          db 80,80,171,172,172,172,172,172,172,172,172,172,172,172,172,80,80,172,171,171,172,171,171,171,171,171,171,171,171,172,80,80,171,171,171,171,171,171,171,171,172,80,80,171,171,171,171,171,172,80,80,80,80,80,80,80,80,80,80,80,80,80,80,80,80,80,80,80,80,80,80,80,80,80,80,80,80,80,80,80,80,80,80,80,80,80,80,80,80,80,80,80,80,80,80,80,80,80,80,80,80,80,80,80,80,80,80,80,80,80,80,170,80,80,80,80,80,80,80,80,80,80,80,80,80,80,80,80,80,80,80,80,80,80,80,80,80,80,80,80,80,80,80,80,80,80,80,80,80,80,80,80,80,80,80,80,80,80,80,80,80,80,80,80,80,80,80,80,80,80,80,80,80,80,80,80,80,80,80,80,80,80,80,80,80,80,80,80,80,80,80,80,80,80,80,173,80,80,80,80
      25   00:D0D1  50 50 AB AC AC AC AC AC AC AC AC AC AC AC AC 50 
      25   00:D0E1  50 AC AB AB AC AB AB AB AB AB AB AB AB AC 50 50 
      25   00:D0F1  AB AB AB AB AB AB AB AB AC 50 50 AB AB AB AB AB 
      25   00:D101  AC 50 50 50 50 50 50 50 50 50 50 50 50 50 50 50 
      25   00:D111  50 50 50 50 50 50 50 50 50 50 50 50 50 50 50 50 
      25   00:D121  50 50 50 50 50 50 50 50 50 50 50 50 50 50 50 50 
      25   00:D131  50 50 50 50 50 50 50 50 50 50 50 50 50 50 50 AA 
      25   00:D141  50 50 50 50 50 50 50 50 50 50 50 50 50 50 50 50 
      25   00:D151  50 50 50 50 50 50 50 50 50 50 50 50 50 50 50 50 
      25   00:D161  50 50 50 50 50 50 50 50 50 50 50 50 50 50 50 50 
      25   00:D171  50 50 50 50 50 50 50 50 50 50 50 50 50 50 50 50 
      25   00:D181  50 50 50 50 50 50 50 50 50 50 50 50 50 50 50 50 
      25   00:D191  50 50 50 AD 50 50 50 50 
      26   00:D199                          db 80,80,80,80,80,80,80,172,80,80,80,80,80,80,80,80,80,80,171,80,80,80,80,80,80,80,80,80,80,172,80,80,80,80,80,80,80,80,80,80,80,80,80,80,80,80,80,80,171,173,171,172,170,170,170,170,170,170,170,170,80,80,80,170,170,170,80,80,170,170,170,80,80,80,170,170,170,170,80,80,170,170,170,170,80,80,173,173,80,80,173,173,173,80,80,170,170,170,170,170,170,170,170,170,170,170,170,170,170,170,170,170,170,170,170,170,170,170,170,170,170,170,170,170,170,170,170,170,170,170,170,170,170,170,170,170,170,170,170,170,80,80,172,173,170,170,170,170,170,170,170,170,170,170,80,80,80,80,80,80,80,80,80,80,80,80,80,80,80,80,80,80,80,80,80,80,80,80,80,80,80,80,80,80,80,80,80,80,80,80,80,80,80,80,80,173,80,80,80,80
      26   00:D199  50 50 50 50 50 50 50 AC 50 50 50 50 50 50 50 50 
      26   00:D1A9  50 50 AB 50 50 50 50 50 50 50 50 50 50 AC 50 50 
      26   00:D1B9  50 50 50 50 50 50 50 50 50 50 50 50 50 50 50 50 
      26   00:D1C9  AB AD AB AC AA AA AA AA AA AA AA AA 50 50 50 AA 
      26   00:D1D9  AA AA 50 50 AA AA AA 50 50 50 AA AA AA AA 50 50 
      26   00:D1E9  AA AA AA AA 50 50 AD AD 50 50 AD AD AD 50 50 AA 
      26   00:D1F9  AA AA AA AA AA AA AA AA AA AA AA AA AA AA AA AA 
      26   00:D209  AA AA AA AA AA AA AA AA AA AA AA AA AA AA AA AA 
      26   00:D219  AA AA AA AA AA AA AA AA AA AA AA AA 50 50 AC AD 
      26   00:D229  AA AA AA AA AA AA AA AA AA AA 50 50 50 50 50 50 
      26   00:D239  50 50 50 50 50 50 50 50 50 50 50 50 50 50 50 50 
      26   00:D249  50 50 50 50 50 50 50 50 50 50 50 50 50 50 50 50 
      26   00:D259  50 50 50 AD 50 50 50 50 
      27   00:D261                          db 80,80,80,80,80,80,80,172,80,80,80,80,80,80,80,80,80,80,171,80,80,80,80,80,80,80,171,80,2,172,80,80,80,80,80,80,80,80,80,80,80,80,80,80,80,80,80,80,171,80,80,80,80,80,80,80,80,80,80,80,80,80,80,80,80,80,80,80,80,173,80,80,80,80,80,80,80,80,80,80,80,80,80,80,80,80,80,80,80,80,80,80,80,80,80,80,80,80,80,80,80,80,80,170,80,80,80,80,80,80,80,80,80,80,80,80,80,80,80,80,80,80,80,80,80,80,80,80,80,80,80,80,80,80,80,170,80,80,80,80,80,80,80,80,80,80,80,80,80,80,80,80,80,80,80,80,80,80,80,80,80,80,80,80,80,80,80,80,80,80,80,80,80,80,80,80,80,80,80,80,80,80,80,80,80,80,80,80,80,80,80,80,80,80,80,173,80,80,80,80
      27   00:D261  50 50 50 50 50 50 50 AC 50 50 50 50 50 50 50 50 
      27   00:D271  50 50 AB 50 50 50 50 50 50 50 AB 50 02 AC 50 50 
      27   00:D281  50 50 50 50 50 50 50 50 50 50 50 50 50 50 50 50 
      27   00:D291  AB 50 50 50 50 50 50 50 50 50 50 50 50 50 50 50 
      27   00:D2A1  50 50 50 50 50 AD 50 50 50 50 50 50 50 50 50 50 
      27   00:D2B1  50 50 50 50 50 50 50 50 50 50 50 50 50 50 50 50 
      27   00:D2C1  50 50 50 50 50 50 50 AA 50 50 50 50 50 50 50 50 
      27   00:D2D1  50 50 50 50 50 50 50 50 50 50 50 50 50 50 50 50 
      27   00:D2E1  50 50 50 50 50 50 50 AA 50 50 50 50 50 50 50 50 
      27   00:D2F1  50 50 50 50 50 50 50 50 50 50 50 50 50 50 50 50 
      27   00:D301  50 50 50 50 50 50 50 50 50 50 50 50 50 50 50 50 
      27   00:D311  50 50 50 50 50 50 50 50 50 50 50 50 50 50 50 50 
      27   00:D321  50 50 50 AD 50 50 50 50 
      28   00:D329                          db 170,171,170,171,80,80,172,172,80,80,172,173,172,173,173,172,173,170,171,80,80,171,172,173,171,172,173,170,171,172,171,172,173,171,172,173,171,172,173,171,172,173,171,172,173,80,80,171,172,80,80,80,80,80,80,80,80,80,80,80,80,80,80,80,80,80,80,80,80,80,173,80,80,80,80,80,80,80,80,80,80,80,80,80,80,80,80,80,80,80,80,80,80,80,80,80,80,80,80,80,80,80,170,80,80,80,80,80,80,80,80,80,80,80,80,80,80,80,80,80,80,80,80,80,80,80,80,80,80,80,80,80,80,80,170,80,80,80,80,80,80,80,80,80,80,80,80,80,80,80,80,80,80,80,80,80,80,80,80,80,80,80,80,80,80,80,80,80,80,80,80,80,80,80,80,80,80,80,80,80,80,80,80,80,80,80,80,80,80,80,80,80,80,80,80,173,80,80,80,80
      28   00:D329  AA AB AA AB 50 50 AC AC 50 50 AC AD AC AD AD AC 
      28   00:D339  AD AA AB 50 50 AB AC AD AB AC AD AA AB AC AB AC 
      28   00:D349  AD AB AC AD AB AC AD AB AC AD AB AC AD 50 50 AB 
      28   00:D359  AC 50 50 50 50 50 50 50 50 50 50 50 50 50 50 50 
      28   00:D369  50 50 50 50 50 50 AD 50 50 50 50 50 50 50 50 50 
      28   00:D379  50 50 50 50 50 50 50 50 50 50 50 50 50 50 50 50 
      28   00:D389  50 50 50 50 50 50 AA 50 50 50 50 50 50 50 50 50 
      28   00:D399  50 50 50 50 50 50 50 50 50 50 50 50 50 50 50 50 
      28   00:D3A9  50 50 50 50 50 50 AA 50 50 50 50 50 50 50 50 50 
      28   00:D3B9  50 50 50 50 50 50 50 50 50 50 50 50 50 50 50 50 
      28   00:D3C9  50 50 50 50 50 50 50 50 50 50 50 50 50 50 50 50 
      28   00:D3D9  50 50 50 50 50 50 50 50 50 50 50 50 50 50 50 50 
      28   00:D3E9  50 50 50 AD 50 50 50 50 
      29   00:D3F1                          db 80,80,80,80,80,80,80,172,80,80,80,80,80,80,80,80,80,80,171,80,80,80,80,80,80,80,80,80,80,172,80,80,80,80,80,80,80,80,171,80,80,80,80,80,80,80,80,80,172,80,80,80,80,80,80,80,80,80,80,80,80,80,80,80,80,80,80,80,80,80,80,173,80,80,80,80,80,80,80,80,80,80,80,80,80,80,80,80,80,80,80,80,80,80,80,80,80,80,80,80,80,170,80,80,80,80,80,80,80,80,80,80,80,80,80,80,80,80,80,80,80,80,80,80,80,80,80,80,80,80,80,80,80,170,80,80,80,80,80,80,80,80,80,80,80,80,80,80,80,80,80,80,80,80,80,80,80,80,80,80,80,80,80,80,80,80,80,80,80,80,80,80,80,80,80,80,80,80,80,80,80,80,80,80,80,80,80,80,80,80,80,80,80,80,80,173,80,80,80,80
      29   00:D3F1  50 50 50 50 50 50 50 AC 50 50 50 50 50 50 50 50 
      29   00:D401  50 50 AB 50 50 50 50 50 50 50 50 50 50 AC 50 50 
      29   00:D411  50 50 50 50 50 50 AB 50 50 50 50 50 50 50 50 50 
      29   00:D421  AC 50 50 50 50 50 50 50 50 50 50 50 50 50 50 50 
      29   00:D431  50 50 50 50 50 50 50 AD 50 50 50 50 50 50 50 50 
      29   00:D441  50 50 50 50 50 50 50 50 50 50 50 50 50 50 50 50 
      29   00:D451  50 50 50 50 50 AA 50 50 50 50 50 50 50 50 50 50 
      29   00:D461  50 50 50 50 50 50 50 50 50 50 50 50 50 50 50 50 
      29   00:D471  50 50 50 50 50 AA 50 50 50 50 50 50 50 50 50 50 
      29   00:D481  50 50 50 50 50 50 50 50 50 50 50 50 50 50 50 50 
      29   00:D491  50 50 50 50 50 50 50 50 50 50 50 50 50 50 50 50 
      29   00:D4A1  50 50 50 50 50 50 50 50 50 50 50 50 50 50 50 50 
      29   00:D4B1  50 50 50 AD 50 50 50 50 
      30   00:D4B9                          db 80,80,80,80,80,80,80,172,80,80,80,80,80,80,80,80,80,80,171,80,80,80,80,80,80,80,80,80,80,172,80,80,80,80,80,80,80,80,171,80,80,80,80,80,80,80,80,80,172,80,80,80,80,80,80,80,80,80,80,80,80,80,80,80,80,80,80,80,80,80,80,80,173,80,80,80,80,80,80,80,80,80,80,80,80,80,80,80,80,80,80,80,80,80,80,80,80,80,80,80,170,80,80,80,80,80,80,80,80,80,80,80,80,80,80,80,80,80,80,80,80,80,80,80,80,80,80,80,80,80,80,80,170,80,80,80,80,80,80,80,80,80,80,80,80,80,80,80,80,80,80,80,80,80,80,80,80,80,80,80,80,80,80,80,80,80,80,80,80,80,80,80,80,80,80,80,80,80,80,80,80,80,80,80,80,80,80,80,80,80,80,80,80,80,80,173,80,80,80,80
      30   00:D4B9  50 50 50 50 50 50 50 AC 50 50 50 50 50 50 50 50 
      30   00:D4C9  50 50 AB 50 50 50 50 50 50 50 50 50 50 AC 50 50 
      30   00:D4D9  50 50 50 50 50 50 AB 50 50 50 50 50 50 50 50 50 
      30   00:D4E9  AC 50 50 50 50 50 50 50 50 50 50 50 50 50 50 50 
      30   00:D4F9  50 50 50 50 50 50 50 50 AD 50 50 50 50 50 50 50 
      30   00:D509  50 50 50 50 50 50 50 50 50 50 50 50 50 50 50 50 
      30   00:D519  50 50 50 50 AA 50 50 50 50 50 50 50 50 50 50 50 
      30   00:D529  50 50 50 50 50 50 50 50 50 50 50 50 50 50 50 50 
      30   00:D539  50 50 50 50 AA 50 50 50 50 50 50 50 50 50 50 50 
      30   00:D549  50 50 50 50 50 50 50 50 50 50 50 50 50 50 50 50 
      30   00:D559  50 50 50 50 50 50 50 50 50 50 50 50 50 50 50 50 
      30   00:D569  50 50 50 50 50 50 50 50 50 50 50 50 50 50 50 50 
      30   00:D579  50 50 50 AD 50 50 50 50 
      31   00:D581                          db 170,170,170,80,80,170,172,172,80,80,80,80,80,80,80,80,80,80,171,170,170,80,80,80,80,80,80,80,80,172,80,80,80,80,80,80,80,80,171,80,80,80,80,80,80,171,171,171,172,173,172,173,170,170,170,170,170,170,170,170,170,170,80,80,170,170,80,80,171,171,170,170,170,80,80,80,170,170,170,80,80,170,171,170,171,80,80,173,173,173,80,80,170,170,170,170,80,80,170,170,170,170,170,170,170,170,170,80,80,170,170,170,170,170,170,170,170,170,170,170,170,170,170,171,172,170,80,80,170,170,170,170,170,170,170,170,170,170,170,170,170,171,172,170,170,170,170,170,170,170,170,170,170,170,80,80,80,80,80,80,80,80,80,80,80,80,80,80,80,80,80,80,80,80,80,80,80,80,80,80,80,80,80,80,80,80,80,80,80,80,80,80,80,80,80,173,80,80,80,80
      31   00:D581  AA AA AA 50 50 AA AC AC 50 50 50 50 50 50 50 50 
      31   00:D591  50 50 AB AA AA 50 50 50 50 50 50 50 50 AC 50 50 
      31   00:D5A1  50 50 50 50 50 50 AB 50 50 50 50 50 50 AB AB AB 
      31   00:D5B1  AC AD AC AD AA AA AA AA AA AA AA AA AA AA 50 50 
      31   00:D5C1  AA AA 50 50 AB AB AA AA AA 50 50 50 AA AA AA 50 
      31   00:D5D1  50 AA AB AA AB 50 50 AD AD AD 50 50 AA AA AA AA 
      31   00:D5E1  50 50 AA AA AA AA AA AA AA AA AA 50 50 AA AA AA 
      31   00:D5F1  AA AA AA AA AA AA AA AA AA AA AA AB AC AA 50 50 
      31   00:D601  AA AA AA AA AA AA AA AA AA AA AA AA AA AB AC AA 
      31   00:D611  AA AA AA AA AA AA AA AA AA AA 50 50 50 50 50 50 
      31   00:D621  50 50 50 50 50 50 50 50 50 50 50 50 50 50 50 50 
      31   00:D631  50 50 50 50 50 50 50 50 50 50 50 50 50 50 50 50 
      31   00:D641  50 50 50 AD 50 50 50 50 
      32   00:D649                          db 80,80,80,80,80,80,80,172,80,80,80,80,80,80,80,80,80,80,80,80,80,80,80,80,80,80,80,80,80,172,80,80,80,80,80,80,80,80,171,80,80,80,80,80,80,80,80,80,172,80,80,173,80,80,80,80,80,80,80,80,80,80,80,80,80,80,80,173,80,80,80,80,80,80,80,80,80,80,80,80,80,80,80,80,80,80,173,80,80,80,80,80,80,80,80,80,80,80,80,80,80,80,80,80,80,80,80,80,80,80,80,80,80,80,80,170,80,80,80,80,80,80,80,80,80,80,80,80,80,80,80,80,80,80,80,80,170,80,80,80,80,80,80,80,80,80,80,80,80,80,80,80,80,80,80,80,80,80,80,80,80,80,80,80,80,80,80,80,80,80,80,80,80,80,80,80,80,80,80,80,80,80,80,80,80,80,80,80,80,80,80,80,170,171,172,173,80,80,80,80
      32   00:D649  50 50 50 50 50 50 50 AC 50 50 50 50 50 50 50 50 
      32   00:D659  50 50 50 50 50 50 50 50 50 50 50 50 50 AC 50 50 
      32   00:D669  50 50 50 50 50 50 AB 50 50 50 50 50 50 50 50 50 
      32   00:D679  AC 50 50 AD 50 50 50 50 50 50 50 50 50 50 50 50 
      32   00:D689  50 50 50 AD 50 50 50 50 50 50 50 50 50 50 50 50 
      32   00:D699  50 50 50 50 50 50 AD 50 50 50 50 50 50 50 50 50 
      32   00:D6A9  50 50 50 50 50 50 50 50 50 50 50 50 50 50 50 50 
      32   00:D6B9  50 50 50 AA 50 50 50 50 50 50 50 50 50 50 50 50 
      32   00:D6C9  50 50 50 50 50 50 50 50 AA 50 50 50 50 50 50 50 
      32   00:D6D9  50 50 50 50 50 50 50 50 50 50 50 50 50 50 50 50 
      32   00:D6E9  50 50 50 50 50 50 50 50 50 50 50 50 50 50 50 50 
      32   00:D6F9  50 50 50 50 50 50 50 50 50 50 50 50 50 50 50 50 
      32   00:D709  AA AB AC AD 50 50 50 50 
      33   00:D711                          db 80,80,80,80,80,80,80,172,80,80,80,80,80,80,80,80,80,80,80,80,80,80,80,80,80,80,80,80,80,172,3,80,80,80,80,80,80,80,80,80,80,80,80,80,80,80,80,80,172,80,80,80,173,80,80,80,80,80,80,80,80,80,80,80,80,80,173,80,80,80,80,80,80,80,80,80,80,80,80,80,80,80,80,80,80,173,80,80,80,80,80,80,80,80,80,80,80,80,80,80,80,80,80,80,80,80,80,80,80,80,80,80,80,80,80,80,170,80,80,80,80,80,80,80,80,80,80,80,80,80,80,80,80,80,80,80,80,170,80,80,80,80,80,80,80,80,80,80,80,80,80,80,80,80,80,80,80,80,80,80,80,80,80,80,80,80,80,80,80,80,80,80,80,80,80,80,80,80,80,80,80,80,80,80,80,80,80,80,80,80,80,80,170,171,172,173,80,80,80,80
      33   00:D711  50 50 50 50 50 50 50 AC 50 50 50 50 50 50 50 50 
      33   00:D721  50 50 50 50 50 50 50 50 50 50 50 50 50 AC 03 50 
      33   00:D731  50 50 50 50 50 50 50 50 50 50 50 50 50 50 50 50 
      33   00:D741  AC 50 50 50 AD 50 50 50 50 50 50 50 50 50 50 50 
      33   00:D751  50 50 AD 50 50 50 50 50 50 50 50 50 50 50 50 50 
      33   00:D761  50 50 50 50 50 AD 50 50 50 50 50 50 50 50 50 50 
      33   00:D771  50 50 50 50 50 50 50 50 50 50 50 50 50 50 50 50 
      33   00:D781  50 50 50 50 AA 50 50 50 50 50 50 50 50 50 50 50 
      33   00:D791  50 50 50 50 50 50 50 50 50 AA 50 50 50 50 50 50 
      33   00:D7A1  50 50 50 50 50 50 50 50 50 50 50 50 50 50 50 50 
      33   00:D7B1  50 50 50 50 50 50 50 50 50 50 50 50 50 50 50 50 
      33   00:D7C1  50 50 50 50 50 50 50 50 50 50 50 50 50 50 50 50 
      33   00:D7D1  AA AB AC AD 50 50 50 50 
      34   00:D7D9                          db 80,80,172,173,170,171,172,172,170,171,80,80,171,172,173,170,171,172,171,80,80,172,170,171,172,172,172,172,172,172,172,172,172,172,172,80,80,173,170,171,172,171,171,171,170,171,170,171,172,80,80,80,80,173,80,80,80,80,80,80,80,80,80,80,80,173,80,80,80,80,80,80,80,80,80,80,80,80,80,80,80,80,80,80,173,80,80,80,80,80,80,80,80,80,80,80,80,80,80,80,80,80,80,80,80,80,80,80,80,80,80,80,80,80,80,80,80,170,80,80,80,80,80,80,80,80,80,80,80,80,80,80,80,80,80,80,80,80,170,80,80,80,80,80,80,80,80,80,80,80,80,80,80,80,80,80,80,80,80,80,80,80,80,80,80,80,80,80,80,80,80,80,80,80,80,80,80,80,80,80,80,80,80,80,80,80,80,80,80,80,80,80,62,171,172,173,80,80,80,80
      34   00:D7D9  50 50 AC AD AA AB AC AC AA AB 50 50 AB AC AD AA 
      34   00:D7E9  AB AC AB 50 50 AC AA AB AC AC AC AC AC AC AC AC 
      34   00:D7F9  AC AC AC 50 50 AD AA AB AC AB AB AB AA AB AA AB 
      34   00:D809  AC 50 50 50 50 AD 50 50 50 50 50 50 50 50 50 50 
      34   00:D819  50 AD 50 50 50 50 50 50 50 50 50 50 50 50 50 50 
      34   00:D829  50 50 50 50 AD 50 50 50 50 50 50 50 50 50 50 50 
      34   00:D839  50 50 50 50 50 50 50 50 50 50 50 50 50 50 50 50 
      34   00:D849  50 50 50 50 50 AA 50 50 50 50 50 50 50 50 50 50 
      34   00:D859  50 50 50 50 50 50 50 50 50 50 AA 50 50 50 50 50 
      34   00:D869  50 50 50 50 50 50 50 50 50 50 50 50 50 50 50 50 
      34   00:D879  50 50 50 50 50 50 50 50 50 50 50 50 50 50 50 50 
      34   00:D889  50 50 50 50 50 50 50 50 50 50 50 50 50 50 50 50 
      34   00:D899  3E AB AC AD 50 50 50 50 
      35   00:D8A1                          db 80,80,173,80,80,80,80,80,80,80,80,80,80,80,80,80,80,80,171,80,80,80,80,80,80,80,80,80,80,172,80,80,80,80,80,80,80,80,80,80,80,80,80,80,80,80,80,80,80,80,80,80,80,80,173,80,80,80,80,80,80,80,80,80,173,80,80,80,80,80,80,80,80,80,80,80,80,80,80,80,80,80,80,173,80,80,80,80,80,80,80,80,80,80,80,80,80,80,80,80,80,80,80,80,80,80,80,80,80,80,80,80,80,80,80,80,80,80,170,80,80,80,80,80,80,80,80,80,80,80,80,80,80,80,80,80,80,80,80,170,80,80,80,80,80,80,80,80,80,80,80,80,80,80,80,80,80,80,80,80,80,80,80,80,80,80,80,80,80,80,80,80,80,80,80,80,80,80,80,80,80,80,80,80,80,80,80,80,80,80,80,80,62,171,172,173,80,80,80,80
      35   00:D8A1  50 50 AD 50 50 50 50 50 50 50 50 50 50 50 50 50 
      35   00:D8B1  50 50 AB 50 50 50 50 50 50 50 50 50 50 AC 50 50 
      35   00:D8C1  50 50 50 50 50 50 50 50 50 50 50 50 50 50 50 50 
      35   00:D8D1  50 50 50 50 50 50 AD 50 50 50 50 50 50 50 50 50 
      35   00:D8E1  AD 50 50 50 50 50 50 50 50 50 50 50 50 50 50 50 
      35   00:D8F1  50 50 50 AD 50 50 50 50 50 50 50 50 50 50 50 50 
      35   00:D901  50 50 50 50 50 50 50 50 50 50 50 50 50 50 50 50 
      35   00:D911  50 50 50 50 50 50 AA 50 50 50 50 50 50 50 50 50 
      35   00:D921  50 50 50 50 50 50 50 50 50 50 50 AA 50 50 50 50 
      35   00:D931  50 50 50 50 50 50 50 50 50 50 50 50 50 50 50 50 
      35   00:D941  50 50 50 50 50 50 50 50 50 50 50 50 50 50 50 50 
      35   00:D951  50 50 50 50 50 50 50 50 50 50 50 50 50 50 50 50 
      35   00:D961  3E AB AC AD 50 50 50 50 
      36   00:D969                          db 80,0,173,80,80,80,80,80,80,80,80,80,80,80,80,80,80,80,171,80,80,80,80,80,80,80,80,80,80,172,80,80,80,80,80,80,80,80,80,80,80,80,80,80,80,80,80,80,80,80,80,80,80,80,80,80,80,80,80,80,80,80,80,80,80,80,80,80,80,80,80,80,80,80,80,80,80,80,80,80,80,80,173,80,80,80,80,80,80,80,80,80,80,80,80,80,80,80,80,80,80,80,80,80,80,80,80,80,80,80,80,80,80,80,80,80,80,80,80,173,80,80,80,80,80,80,80,80,80,80,80,80,80,80,80,80,80,80,80,80,80,80,80,80,80,80,80,80,80,80,80,80,80,80,80,80,80,80,80,80,80,80,80,80,80,80,80,80,80,80,80,80,80,80,80,80,80,80,80,80,80,80,80,80,80,80,80,80,80,80,80,80,170,171,172,173,80,80,80,80
      36   00:D969  50 00 AD 50 50 50 50 50 50 50 50 50 50 50 50 50 
      36   00:D979  50 50 AB 50 50 50 50 50 50 50 50 50 50 AC 50 50 
      36   00:D989  50 50 50 50 50 50 50 50 50 50 50 50 50 50 50 50 
      36   00:D999  50 50 50 50 50 50 50 50 50 50 50 50 50 50 50 50 
      36   00:D9A9  50 50 50 50 50 50 50 50 50 50 50 50 50 50 50 50 
      36   00:D9B9  50 50 AD 50 50 50 50 50 50 50 50 50 50 50 50 50 
      36   00:D9C9  50 50 50 50 50 50 50 50 50 50 50 50 50 50 50 50 
      36   00:D9D9  50 50 50 50 50 50 50 AD 50 50 50 50 50 50 50 50 
      36   00:D9E9  50 50 50 50 50 50 50 50 50 50 50 50 50 50 50 50 
      36   00:D9F9  50 50 50 50 50 50 50 50 50 50 50 50 50 50 50 50 
      36   00:DA09  50 50 50 50 50 50 50 50 50 50 50 50 50 50 50 50 
      36   00:DA19  50 50 50 50 50 50 50 50 50 50 50 50 50 50 50 50 
      36   00:DA29  AA AB AC AD 50 50 50 50 
      37   00:DA31                          db 170,171,172,173,173,173,173,173,173,173,173,173,173,173,173,173,173,173,173,173,173,173,173,173,173,173,173,173,173,173,173,173,173,173,173,173,173,173,173,173,173,173,173,173,173,173,173,173,173,173,170,170,170,170,170,170,170,170,170,170,170,170,170,170,170,170,170,170,170,170,170,170,170,170,170,171,172,173,173,173,173,173,173,173,173,173,170,171,172,173,173,173,173,173,170,170,170,170,170,170,170,170,170,170,170,170,170,170,170,170,170,170,170,170,170,170,170,170,170,170,170,170,170,170,170,170,170,170,170,170,170,170,170,170,170,170,170,171,172,170,171,172,170,171,172,173,173,173,173,173,173,173,173,173,173,173,173,173,173,173,173,173,173,173,173,173,173,173,173,173,173,173,173,173,173,173,173,173,173,172,173,173,173,173,173,173,173,173,170,171,172,173,173,173,173,173,80,80,80,80
      37   00:DA31  AA AB AC AD AD AD AD AD AD AD AD AD AD AD AD AD 
      37   00:DA41  AD AD AD AD AD AD AD AD AD AD AD AD AD AD AD AD 
      37   00:DA51  AD AD AD AD AD AD AD AD AD AD AD AD AD AD AD AD 
      37   00:DA61  AD AD AA AA AA AA AA AA AA AA AA AA AA AA AA AA 
      37   00:DA71  AA AA AA AA AA AA AA AA AA AA AA AB AC AD AD AD 
      37   00:DA81  AD AD AD AD AD AD AA AB AC AD AD AD AD AD AA AA 
      37   00:DA91  AA AA AA AA AA AA AA AA AA AA AA AA AA AA AA AA 
      37   00:DAA1  AA AA AA AA AA AA AA AA AA AA AA AA AA AA AA AA 
      37   00:DAB1  AA AA AA AA AA AA AA AA AA AB AC AA AB AC AA AB 
      37   00:DAC1  AC AD AD AD AD AD AD AD AD AD AD AD AD AD AD AD 
      37   00:DAD1  AD AD AD AD AD AD AD AD AD AD AD AD AD AD AD AD 
      37   00:DAE1  AD AD AD AC AD AD AD AD AD AD AD AD AA AB AC AD 
      37   00:DAF1  AD AD AD AD 50 50 50 50 
      38   00:DAF9                      
      39   00:DAF9                      
      40   00:DAF9                      
      41   00:DAF9                      
      42   00:DAF9                      
      43   00:DAF9                      
      44   00:DAF9                      
      45   00:DAF9                      
      46   00:DAF9                      FINAL:

    LABELS
-------------------------------------------------
00:0000C900   INICIO
00:0000C901 X level1
00:0000DAF9   FINAL


 Output: src/world1.out
-------------------------------------------------

 Page: 00
  Org: 0000C900  Size: *  Used: 00000000

    No output

 Output: world1.bin
-------------------------------------------------

 Page: 00
  Org: 0000C900  Size: *  Used: 00001200

   Address   Length Align   Label
   0000C900    4608         INICIO
