Sjasm Z80 Assembler v0.42c - www.xl2s.tk             [2021.11.04 - 00:34:46]

src/world0.asm
Errors: 0

       1   00:0000                              output "world0.bin"
       2   00:C900                      
       3   00:C900  FE                      db   #fe               ; ID archivo binario, siempre hay que poner el mismo 0FEh
       4   00:C901  00 C9                   dw   INICIO            ; dirección de inicio
       5   00:C903  F8 DA                   dw   FINAL - 1         ; dirección final
       6   00:C905  00 C9                   dw   INICIO             ; dircción del programa de ejecución (para cuando pongas r en bload"nombre_programa", r)
       7   00:C907                      
       8   00:C907                          org #c900 ; o 57344, org se utiliza para decirle al z80 en que posición de memoria RAM empieza nuestro programa en ensamblador
       9   00:C900                      
      10   00:C900                      INICIO:
      11   00:C900  C9                      ret ; el ret es necesario para que vuelva al basic
      12   00:C901                      level1:
      13   00:C901                      
      14   00:C901                          db 64,64,64,64,64,64,64,64,64,64,64,64,64,64,64,64,64,64,64,64,64,64,64,64,64,64,64,64,64,64,64,64,64,64,64,64,64,64,64,64,64,64,64,64,64,64,64,64,64,64,64,64,64,64,64,64,64,64,64,64,64,64,64,64,64,64,64,64,64,64,64,64,64,64,64,64,64,64,64,64,64,64,64,64,64,64,64,64,64,64,64,64,64,64,64,64,64,64,64,64,64,64,64,64,64,64,64,64,64,64,64,64,64,64,64,64,64,64,64,64,64,64,64,64,64,64,64,64,64,64,64,64,64,64,64,64,64,64,64,64,64,64,64,64,64,64,64,64,64,64,64,64,64,64,64,64,64,64,64,64,64,64,64,64,64,64,64,64,64,64,64,64,64,64,64,64,64,64,64,64,64,64,64,64,64,64,64,64,64,64,64,64,64,64,64,64,64,64,64,64
      14   00:C901  40 40 40 40 40 40 40 40 40 40 40 40 40 40 40 40 
      14   00:C911  40 40 40 40 40 40 40 40 40 40 40 40 40 40 40 40 
      14   00:C921  40 40 40 40 40 40 40 40 40 40 40 40 40 40 40 40 
      14   00:C931  40 40 40 40 40 40 40 40 40 40 40 40 40 40 40 40 
      14   00:C941  40 40 40 40 40 40 40 40 40 40 40 40 40 40 40 40 
      14   00:C951  40 40 40 40 40 40 40 40 40 40 40 40 40 40 40 40 
      14   00:C961  40 40 40 40 40 40 40 40 40 40 40 40 40 40 40 40 
      14   00:C971  40 40 40 40 40 40 40 40 40 40 40 40 40 40 40 40 
      14   00:C981  40 40 40 40 40 40 40 40 40 40 40 40 40 40 40 40 
      14   00:C991  40 40 40 40 40 40 40 40 40 40 40 40 40 40 40 40 
      14   00:C9A1  40 40 40 40 40 40 40 40 40 40 40 40 40 40 40 40 
      14   00:C9B1  40 40 40 40 40 40 40 40 40 40 40 40 40 40 40 40 
      14   00:C9C1  40 40 40 40 40 40 40 40 
      15   00:C9C9                          db 64,64,64,64,64,64,64,64,64,64,64,64,64,64,64,64,64,64,64,64,64,64,64,64,64,64,64,64,64,64,64,64,64,64,64,64,64,64,64,64,64,64,64,64,64,64,64,64,64,64,64,64,64,64,64,64,64,64,64,64,64,64,64,64,64,64,64,64,64,64,64,64,64,64,64,64,64,64,64,64,64,64,64,64,64,64,64,64,64,64,64,64,64,64,64,64,64,64,64,64,64,64,64,64,64,64,64,64,64,64,64,64,64,64,64,64,128,98,98,98,98,64,64,64,64,64,64,64,64,64,64,64,64,64,64,64,64,64,64,64,64,64,64,64,64,64,64,64,64,64,64,64,64,64,64,64,64,64,64,64,64,64,64,64,64,64,64,64,64,64,64,64,64,64,64,64,64,64,64,64,64,64,64,64,64,64,64,64,64,64,64,64,64,64,64,64,64,64,64,64
      15   00:C9C9  40 40 40 40 40 40 40 40 40 40 40 40 40 40 40 40 
      15   00:C9D9  40 40 40 40 40 40 40 40 40 40 40 40 40 40 40 40 
      15   00:C9E9  40 40 40 40 40 40 40 40 40 40 40 40 40 40 40 40 
      15   00:C9F9  40 40 40 40 40 40 40 40 40 40 40 40 40 40 40 40 
      15   00:CA09  40 40 40 40 40 40 40 40 40 40 40 40 40 40 40 40 
      15   00:CA19  40 40 40 40 40 40 40 40 40 40 40 40 40 40 40 40 
      15   00:CA29  40 40 40 40 40 40 40 40 40 40 40 40 40 40 40 40 
      15   00:CA39  40 40 40 40 80 62 62 62 62 40 40 40 40 40 40 40 
      15   00:CA49  40 40 40 40 40 40 40 40 40 40 40 40 40 40 40 40 
      15   00:CA59  40 40 40 40 40 40 40 40 40 40 40 40 40 40 40 40 
      15   00:CA69  40 40 40 40 40 40 40 40 40 40 40 40 40 40 40 40 
      15   00:CA79  40 40 40 40 40 40 40 40 40 40 40 40 40 40 40 40 
      15   00:CA89  40 40 40 40 40 40 40 40 
      16   00:CA91                          db 64,64,64,64,64,64,64,64,64,64,64,64,64,64,64,64,64,64,64,64,64,64,64,64,64,64,64,64,64,64,64,64,64,64,64,64,64,64,64,64,64,64,64,64,64,64,64,64,64,64,64,64,64,64,64,64,64,64,64,64,64,64,64,64,64,64,64,64,64,64,64,97,97,97,98,99,64,64,64,64,64,64,64,64,64,64,64,64,64,64,64,64,64,64,97,98,98,98,98,98,64,64,64,64,64,64,64,64,64,64,64,64,97,98,98,98,102,102,102,102,102,99,64,64,64,64,97,98,98,99,64,64,97,98,98,99,64,64,64,64,64,64,64,64,64,64,64,64,64,64,64,64,64,64,64,97,98,102,131,64,64,64,64,64,64,64,64,64,64,64,64,64,64,64,64,64,64,64,64,64,64,64,64,64,64,64,64,64,64,64,64,64,64,64,64,64,64,64,64,64
      16   00:CA91  40 40 40 40 40 40 40 40 40 40 40 40 40 40 40 40 
      16   00:CAA1  40 40 40 40 40 40 40 40 40 40 40 40 40 40 40 40 
      16   00:CAB1  40 40 40 40 40 40 40 40 40 40 40 40 40 40 40 40 
      16   00:CAC1  40 40 40 40 40 40 40 40 40 40 40 40 40 40 40 40 
      16   00:CAD1  40 40 40 40 40 40 40 61 61 61 62 63 40 40 40 40 
      16   00:CAE1  40 40 40 40 40 40 40 40 40 40 40 40 40 40 61 62 
      16   00:CAF1  62 62 62 62 40 40 40 40 40 40 40 40 40 40 40 40 
      16   00:CB01  61 62 62 62 66 66 66 66 66 63 40 40 40 40 61 62 
      16   00:CB11  62 63 40 40 61 62 62 63 40 40 40 40 40 40 40 40 
      16   00:CB21  40 40 40 40 40 40 40 40 40 40 40 61 62 66 83 40 
      16   00:CB31  40 40 40 40 40 40 40 40 40 40 40 40 40 40 40 40 
      16   00:CB41  40 40 40 40 40 40 40 40 40 40 40 40 40 40 40 40 
      16   00:CB51  40 40 40 40 40 40 40 40 
      17   00:CB59                          db 64,64,64,64,64,64,64,64,64,64,64,64,64,64,64,64,64,64,64,64,64,64,64,64,64,64,64,64,64,64,64,64,64,64,64,64,64,64,64,64,64,64,64,64,64,64,64,64,64,64,64,64,64,64,64,64,64,64,64,64,64,64,64,64,64,64,64,64,64,64,128,102,102,102,102,102,132,64,64,64,64,64,64,64,64,64,64,64,64,64,64,64,64,128,102,102,102,102,102,102,131,64,64,64,64,64,64,64,64,64,64,128,102,102,102,102,102,102,102,102,102,102,99,64,64,97,102,102,102,102,99,97,102,102,102,131,132,64,64,64,64,64,64,64,64,64,64,64,64,64,64,64,64,64,128,102,102,102,102,102,99,64,64,64,64,64,64,64,64,64,64,64,64,64,64,64,64,64,64,64,64,64,64,64,64,64,64,64,128,102,102,102,131,64,64,64,64,64,64,64
      17   00:CB59  40 40 40 40 40 40 40 40 40 40 40 40 40 40 40 40 
      17   00:CB69  40 40 40 40 40 40 40 40 40 40 40 40 40 40 40 40 
      17   00:CB79  40 40 40 40 40 40 40 40 40 40 40 40 40 40 40 40 
      17   00:CB89  40 40 40 40 40 40 40 40 40 40 40 40 40 40 40 40 
      17   00:CB99  40 40 40 40 40 40 80 66 66 66 66 66 84 40 40 40 
      17   00:CBA9  40 40 40 40 40 40 40 40 40 40 40 40 40 80 66 66 
      17   00:CBB9  66 66 66 66 83 40 40 40 40 40 40 40 40 40 40 80 
      17   00:CBC9  66 66 66 66 66 66 66 66 66 66 63 40 40 61 66 66 
      17   00:CBD9  66 66 63 61 66 66 66 83 84 40 40 40 40 40 40 40 
      17   00:CBE9  40 40 40 40 40 40 40 40 40 40 80 66 66 66 66 66 
      17   00:CBF9  63 40 40 40 40 40 40 40 40 40 40 40 40 40 40 40 
      17   00:CC09  40 40 40 40 40 40 40 40 40 40 40 40 80 66 66 66 
      17   00:CC19  83 40 40 40 40 40 40 40 
      18   00:CC21                          db 64,64,64,64,64,64,64,64,64,64,64,64,64,64,64,64,64,64,64,64,64,64,64,64,64,64,64,64,64,64,64,64,64,64,64,64,64,64,64,64,64,64,64,64,64,64,64,64,64,64,64,64,64,64,64,64,64,64,64,64,64,64,64,64,64,64,64,64,64,128,102,102,102,102,102,102,102,132,64,64,64,64,64,64,64,64,64,64,64,64,64,64,128,102,102,102,102,102,102,102,102,131,64,64,64,64,64,64,64,64,128,102,102,102,102,102,102,102,102,102,102,102,102,99,97,102,102,102,102,102,102,102,102,102,102,102,131,132,64,64,64,64,64,64,64,64,64,64,64,64,64,64,64,128,102,102,102,102,102,102,102,99,64,64,64,64,64,64,64,64,64,64,64,64,64,64,64,64,64,64,64,64,97,129,129,102,102,102,102,102,102,102,102,131,64,64,64,64,64,64
      18   00:CC21  40 40 40 40 40 40 40 40 40 40 40 40 40 40 40 40 
      18   00:CC31  40 40 40 40 40 40 40 40 40 40 40 40 40 40 40 40 
      18   00:CC41  40 40 40 40 40 40 40 40 40 40 40 40 40 40 40 40 
      18   00:CC51  40 40 40 40 40 40 40 40 40 40 40 40 40 40 40 40 
      18   00:CC61  40 40 40 40 40 80 66 66 66 66 66 66 66 84 40 40 
      18   00:CC71  40 40 40 40 40 40 40 40 40 40 40 40 80 66 66 66 
      18   00:CC81  66 66 66 66 66 83 40 40 40 40 40 40 40 40 80 66 
      18   00:CC91  66 66 66 66 66 66 66 66 66 66 66 63 61 66 66 66 
      18   00:CCA1  66 66 66 66 66 66 66 66 83 84 40 40 40 40 40 40 
      18   00:CCB1  40 40 40 40 40 40 40 40 40 80 66 66 66 66 66 66 
      18   00:CCC1  66 63 40 40 40 40 40 40 40 40 40 40 40 40 40 40 
      18   00:CCD1  40 40 40 40 40 40 61 81 81 66 66 66 66 66 66 66 
      18   00:CCE1  66 83 40 40 40 40 40 40 
      19   00:CCE9                          db 64,64,64,64,64,64,64,64,64,64,64,64,64,64,64,64,64,64,64,64,64,64,64,64,64,64,96,97,98,98,99,64,64,64,64,64,64,64,64,64,64,64,64,64,64,64,64,64,64,64,64,64,64,64,64,64,64,64,64,64,64,64,64,64,64,64,64,64,128,102,102,102,102,102,102,102,102,102,64,64,64,64,64,64,64,64,64,64,64,64,64,128,102,102,102,102,102,102,102,102,102,102,131,64,64,64,64,64,64,128,102,102,102,102,102,102,102,102,102,102,102,102,102,102,102,102,102,102,102,102,102,102,102,102,102,102,102,102,132,64,64,64,64,64,64,64,64,64,64,64,64,64,97,102,102,102,102,102,102,102,102,102,99,64,64,64,64,64,64,64,64,64,64,64,64,64,64,64,64,64,97,129,102,102,102,102,102,102,102,102,102,102,102,102,131,64,64,64,64,64
      19   00:CCE9  40 40 40 40 40 40 40 40 40 40 40 40 40 40 40 40 
      19   00:CCF9  40 40 40 40 40 40 40 40 40 40 60 61 62 62 63 40 
      19   00:CD09  40 40 40 40 40 40 40 40 40 40 40 40 40 40 40 40 
      19   00:CD19  40 40 40 40 40 40 40 40 40 40 40 40 40 40 40 40 
      19   00:CD29  40 40 40 40 80 66 66 66 66 66 66 66 66 66 40 40 
      19   00:CD39  40 40 40 40 40 40 40 40 40 40 40 80 66 66 66 66 
      19   00:CD49  66 66 66 66 66 66 83 40 40 40 40 40 40 80 66 66 
      19   00:CD59  66 66 66 66 66 66 66 66 66 66 66 66 66 66 66 66 
      19   00:CD69  66 66 66 66 66 66 66 66 66 66 84 40 40 40 40 40 
      19   00:CD79  40 40 40 40 40 40 40 40 61 66 66 66 66 66 66 66 
      19   00:CD89  66 66 63 40 40 40 40 40 40 40 40 40 40 40 40 40 
      19   00:CD99  40 40 40 40 61 81 66 66 66 66 66 66 66 66 66 66 
      19   00:CDA9  66 66 83 40 40 40 40 40 
      20   00:CDB1                          db 64,64,64,64,64,64,128,98,99,64,64,64,64,96,97,98,99,100,64,64,64,64,64,64,64,96,128,129,102,102,102,99,64,100,64,64,64,64,64,64,64,64,64,64,64,96,97,98,98,98,98,98,98,98,98,99,64,64,64,64,64,64,64,64,64,64,64,128,102,102,102,102,102,102,102,102,102,102,132,64,64,64,64,64,64,64,64,64,64,97,102,102,102,102,102,102,102,102,102,102,102,102,102,131,64,64,64,64,128,102,102,102,102,102,102,102,102,102,102,102,102,102,102,102,102,102,102,102,102,102,102,102,102,102,102,102,102,102,102,132,64,64,64,64,64,64,64,64,97,98,98,98,102,102,102,102,102,102,102,102,102,102,131,99,64,64,64,64,64,64,64,64,64,64,64,64,64,64,97,129,102,102,102,102,102,102,102,102,102,102,102,102,102,102,102,131,64,64,64,64
      20   00:CDB1  40 40 40 40 40 40 80 62 63 40 40 40 40 60 61 62 
      20   00:CDC1  63 64 40 40 40 40 40 40 40 60 80 81 66 66 66 63 
      20   00:CDD1  40 64 40 40 40 40 40 40 40 40 40 40 40 60 61 62 
      20   00:CDE1  62 62 62 62 62 62 62 63 40 40 40 40 40 40 40 40 
      20   00:CDF1  40 40 40 80 66 66 66 66 66 66 66 66 66 66 84 40 
      20   00:CE01  40 40 40 40 40 40 40 40 40 61 66 66 66 66 66 66 
      20   00:CE11  66 66 66 66 66 66 66 83 40 40 40 40 80 66 66 66 
      20   00:CE21  66 66 66 66 66 66 66 66 66 66 66 66 66 66 66 66 
      20   00:CE31  66 66 66 66 66 66 66 66 66 66 66 84 40 40 40 40 
      20   00:CE41  40 40 40 40 61 62 62 62 66 66 66 66 66 66 66 66 
      20   00:CE51  66 66 83 63 40 40 40 40 40 40 40 40 40 40 40 40 
      20   00:CE61  40 40 61 81 66 66 66 66 66 66 66 66 66 66 66 66 
      20   00:CE71  66 66 66 83 40 40 40 40 
      21   00:CE79                          db 64,64,64,96,96,128,129,130,131,64,64,96,96,97,129,102,131,99,100,64,64,64,64,64,96,128,129,129,102,102,102,131,131,99,100,64,64,64,64,64,64,64,64,64,64,128,129,102,102,102,102,102,102,102,102,102,99,64,64,64,64,64,64,64,64,64,128,102,102,102,102,102,102,102,102,102,102,102,102,132,64,64,64,64,64,64,64,64,128,102,102,102,102,102,102,102,102,102,102,102,102,102,102,102,131,64,64,128,102,102,102,102,102,102,102,102,102,102,102,102,102,102,102,102,102,102,102,102,102,102,102,102,102,102,102,102,102,102,102,102,132,64,64,64,64,64,64,128,102,102,102,102,102,102,102,102,102,102,102,102,102,102,102,102,99,64,64,64,64,64,64,64,64,64,64,64,97,102,129,102,102,102,102,102,102,102,102,102,102,102,102,102,102,102,102,102,102,131,64,64
      21   00:CE79  40 40 40 60 60 80 81 82 83 40 40 60 60 61 81 66 
      21   00:CE89  83 63 64 40 40 40 40 40 60 80 81 81 66 66 66 83 
      21   00:CE99  83 63 64 40 40 40 40 40 40 40 40 40 40 80 81 66 
      21   00:CEA9  66 66 66 66 66 66 66 66 63 40 40 40 40 40 40 40 
      21   00:CEB9  40 40 80 66 66 66 66 66 66 66 66 66 66 66 66 84 
      21   00:CEC9  40 40 40 40 40 40 40 40 80 66 66 66 66 66 66 66 
      21   00:CED9  66 66 66 66 66 66 66 66 83 40 40 80 66 66 66 66 
      21   00:CEE9  66 66 66 66 66 66 66 66 66 66 66 66 66 66 66 66 
      21   00:CEF9  66 66 66 66 66 66 66 66 66 66 66 66 84 40 40 40 
      21   00:CF09  40 40 40 80 66 66 66 66 66 66 66 66 66 66 66 66 
      21   00:CF19  66 66 66 66 63 40 40 40 40 40 40 40 40 40 40 40 
      21   00:CF29  61 66 81 66 66 66 66 66 66 66 66 66 66 66 66 66 
      21   00:CF39  66 66 66 66 66 83 40 40 
      22   00:CF41                          db 64,64,64,96,128,129,102,102,102,131,132,96,97,129,102,102,102,131,99,100,64,64,64,96,128,129,102,102,102,102,102,102,102,131,99,100,64,64,64,64,64,64,64,64,128,129,129,102,102,102,102,102,102,102,102,102,131,99,64,64,64,64,64,64,64,128,102,102,102,102,102,102,102,102,102,102,102,102,102,102,132,64,64,64,64,64,64,128,102,102,102,102,102,102,102,102,102,102,102,102,102,102,102,102,102,131,128,102,102,102,102,102,102,102,102,102,102,102,102,102,102,102,102,102,102,102,102,102,102,102,102,102,102,102,102,102,102,102,102,102,102,132,64,64,64,64,128,102,102,102,102,102,102,102,102,102,102,102,102,102,102,102,102,102,102,131,64,64,64,64,64,64,64,64,97,102,102,102,102,102,102,102,102,102,102,102,102,102,102,102,102,102,102,102,102,102,102,102,131,64
      22   00:CF41  40 40 40 60 80 81 66 66 66 83 84 60 61 81 66 66 
      22   00:CF51  66 83 63 64 40 40 40 60 80 81 66 66 66 66 66 66 
      22   00:CF61  66 83 63 64 40 40 40 40 40 40 40 40 80 81 81 66 
      22   00:CF71  66 66 66 66 66 66 66 66 83 63 40 40 40 40 40 40 
      22   00:CF81  40 80 66 66 66 66 66 66 66 66 66 66 66 66 66 66 
      22   00:CF91  84 40 40 40 40 40 40 80 66 66 66 66 66 66 66 66 
      22   00:CFA1  66 66 66 66 66 66 66 66 66 83 80 66 66 66 66 66 
      22   00:CFB1  66 66 66 66 66 66 66 66 66 66 66 66 66 66 66 66 
      22   00:CFC1  66 66 66 66 66 66 66 66 66 66 66 66 66 84 40 40 
      22   00:CFD1  40 40 80 66 66 66 66 66 66 66 66 66 66 66 66 66 
      22   00:CFE1  66 66 66 66 66 83 40 40 40 40 40 40 40 40 61 66 
      22   00:CFF1  66 66 66 66 66 66 66 66 66 66 66 66 66 66 66 66 
      22   00:D001  66 66 66 66 66 66 83 40 
      23   00:D009                          db 64,96,96,128,129,102,102,102,102,102,102,132,129,129,102,102,102,102,131,132,64,100,96,128,129,102,102,102,102,102,102,102,102,102,131,132,64,64,64,64,64,64,64,128,129,102,102,102,102,102,102,102,102,102,102,102,102,102,132,64,64,64,64,64,128,102,102,102,102,102,102,102,102,102,102,102,102,102,102,102,102,102,132,64,64,64,128,102,102,102,102,102,102,102,102,102,102,102,102,102,102,102,102,102,102,102,102,102,102,102,102,102,102,102,102,102,102,102,102,102,102,102,102,102,102,102,102,102,102,102,102,102,102,102,102,102,102,102,102,102,102,102,132,64,64,128,102,102,102,102,102,102,102,102,102,102,102,102,102,102,102,102,102,102,102,102,102,102,102,102,102,102,102,102,102,102,102,102,102,102,102,102,102,102,102,102,102,102,102,102,102,102,102,102,102,102,102,102,102,102
      23   00:D009  40 60 60 80 81 66 66 66 66 66 66 84 81 81 66 66 
      23   00:D019  66 66 83 84 40 64 60 80 81 66 66 66 66 66 66 66 
      23   00:D029  66 66 83 84 40 40 40 40 40 40 40 80 81 66 66 66 
      23   00:D039  66 66 66 66 66 66 66 66 66 66 84 40 40 40 40 40 
      23   00:D049  80 66 66 66 66 66 66 66 66 66 66 66 66 66 66 66 
      23   00:D059  66 66 84 40 40 40 80 66 66 66 66 66 66 66 66 66 
      23   00:D069  66 66 66 66 66 66 66 66 66 66 66 66 66 66 66 66 
      23   00:D079  66 66 66 66 66 66 66 66 66 66 66 66 66 66 66 66 
      23   00:D089  66 66 66 66 66 66 66 66 66 66 66 66 66 66 84 40 
      23   00:D099  40 80 66 66 66 66 66 66 66 66 66 66 66 66 66 66 
      23   00:D0A9  66 66 66 66 66 66 66 66 66 66 66 66 66 66 66 66 
      23   00:D0B9  66 66 66 66 66 66 66 66 66 66 66 66 66 66 66 66 
      23   00:D0C9  66 66 66 66 66 66 66 66 
      24   00:D0D1                          db 64,128,102,102,102,102,102,102,102,102,102,130,130,102,102,102,102,102,102,102,131,132,128,129,102,102,102,102,102,102,102,102,102,102,102,102,102,102,102,64,128,129,102,102,102,102,102,102,102,102,102,102,102,102,102,102,102,102,102,132,64,64,64,128,102,102,102,102,102,102,102,102,102,102,102,102,102,102,102,102,102,102,102,132,64,128,102,102,102,102,102,102,102,102,102,102,102,102,102,102,102,102,102,102,102,102,102,102,102,102,102,102,102,102,102,102,102,102,102,102,102,102,102,102,102,102,102,102,102,102,102,102,102,102,102,102,102,102,102,102,102,102,102,132,128,102,102,102,102,102,102,102,102,102,102,102,102,102,102,102,102,102,102,102,102,102,102,102,102,102,102,102,102,102,102,102,102,102,102,102,102,102,102,102,102,102,102,102,102,102,102,102,102,102,102,102,102,102,102,102
      24   00:D0D1  40 80 66 66 66 66 66 66 66 66 66 82 82 66 66 66 
      24   00:D0E1  66 66 66 66 83 84 80 81 66 66 66 66 66 66 66 66 
      24   00:D0F1  66 66 66 66 66 66 66 40 80 81 66 66 66 66 66 66 
      24   00:D101  66 66 66 66 66 66 66 66 66 66 66 84 40 40 40 80 
      24   00:D111  66 66 66 66 66 66 66 66 66 66 66 66 66 66 66 66 
      24   00:D121  66 66 66 84 40 80 66 66 66 66 66 66 66 66 66 66 
      24   00:D131  66 66 66 66 66 66 66 66 66 66 66 66 66 66 66 66 
      24   00:D141  66 66 66 66 66 66 66 66 66 66 66 66 66 66 66 66 
      24   00:D151  66 66 66 66 66 66 66 66 66 66 66 66 66 66 66 84 
      24   00:D161  80 66 66 66 66 66 66 66 66 66 66 66 66 66 66 66 
      24   00:D171  66 66 66 66 66 66 66 66 66 66 66 66 66 66 66 66 
      24   00:D181  66 66 66 66 66 66 66 66 66 66 66 66 66 66 66 66 
      24   00:D191  66 66 66 66 66 66 66 66 
      25   00:D199                          db 128,129,102,102,102,102,102,102,102,102,102,102,102,102,102,102,102,102,102,102,102,102,102,102,102,102,102,102,102,102,102,102,102,102,102,102,102,102,102,102,102,102,102,102,102,102,102,102,102,102,102,102,102,102,102,102,102,102,102,102,102,102,102,102,102,102,102,102,102,102,102,102,102,102,102,102,102,102,102,102,102,102,102,102,102,102,102,102,102,102,102,102,102,102,102,102,102,102,102,102,102,102,102,102,102,102,102,102,102,102,102,102,102,102,102,102,102,102,102,102,102,102,102,102,102,102,102,102,102,102,102,102,102,102,102,102,102,102,102,102,102,102,102,102,102,102,102,102,102,102,102,102,102,102,102,102,102,102,102,102,102,102,102,102,102,102,102,102,102,102,102,102,102,102,102,102,102,102,102,102,102,102,102,102,102,102,102,102,102,102,102,102,102,102,102,102,102,102,102,102
      25   00:D199  80 81 66 66 66 66 66 66 66 66 66 66 66 66 66 66 
      25   00:D1A9  66 66 66 66 66 66 66 66 66 66 66 66 66 66 66 66 
      25   00:D1B9  66 66 66 66 66 66 66 66 66 66 66 66 66 66 66 66 
      25   00:D1C9  66 66 66 66 66 66 66 66 66 66 66 66 66 66 66 66 
      25   00:D1D9  66 66 66 66 66 66 66 66 66 66 66 66 66 66 66 66 
      25   00:D1E9  66 66 66 66 66 66 66 66 66 66 66 66 66 66 66 66 
      25   00:D1F9  66 66 66 66 66 66 66 66 66 66 66 66 66 66 66 66 
      25   00:D209  66 66 66 66 66 66 66 66 66 66 66 66 66 66 66 66 
      25   00:D219  66 66 66 66 66 66 66 66 66 66 66 66 66 66 66 66 
      25   00:D229  66 66 66 66 66 66 66 66 66 66 66 66 66 66 66 66 
      25   00:D239  66 66 66 66 66 66 66 66 66 66 66 66 66 66 66 66 
      25   00:D249  66 66 66 66 66 66 66 66 66 66 66 66 66 66 66 66 
      25   00:D259  66 66 66 66 66 66 66 66 
      26   00:D261                          db 80,80,80,80,80,113,114,80,80,80,80,80,80,80,113,114,80,80,80,80,80,80,80,80,80,80,80,80,80,80,80,80,80,80,113,114,80,80,80,80,80,80,80,80,80,80,80,80,80,80,80,80,3,80,80,80,80,113,114,80,80,80,80,80,80,80,80,80,80,109,110,80,80,80,80,80,80,80,80,80,80,80,80,80,80,80,80,80,80,80,80,80,80,80,80,80,80,80,80,80,80,80,80,80,80,80,80,80,80,80,80,80,80,80,172,173,170,171,170,171,172,173,80,80,80,80,80,7,80,80,80,80,80,80,80,80,80,80,80,80,80,80,80,80,80,80,80,80,80,80,80,80,80,80,80,80,80,80,80,80,80,80,80,80,80,80,80,80,80,80,80,80,80,80,80,80,80,80,80,80,80,80,80,80,80,80,80,80,80,80,80,80,80,80,80,80,80,80,80,167
      26   00:D261  50 50 50 50 50 71 72 50 50 50 50 50 50 50 71 72 
      26   00:D271  50 50 50 50 50 50 50 50 50 50 50 50 50 50 50 50 
      26   00:D281  50 50 71 72 50 50 50 50 50 50 50 50 50 50 50 50 
      26   00:D291  50 50 50 50 03 50 50 50 50 71 72 50 50 50 50 50 
      26   00:D2A1  50 50 50 50 50 6D 6E 50 50 50 50 50 50 50 50 50 
      26   00:D2B1  50 50 50 50 50 50 50 50 50 50 50 50 50 50 50 50 
      26   00:D2C1  50 50 50 50 50 50 50 50 50 50 50 50 50 50 50 50 
      26   00:D2D1  50 50 AC AD AA AB AA AB AC AD 50 50 50 50 50 07 
      26   00:D2E1  50 50 50 50 50 50 50 50 50 50 50 50 50 50 50 50 
      26   00:D2F1  50 50 50 50 50 50 50 50 50 50 50 50 50 50 50 50 
      26   00:D301  50 50 50 50 50 50 50 50 50 50 50 50 50 50 50 50 
      26   00:D311  50 50 50 50 50 50 50 50 50 50 50 50 50 50 50 50 
      26   00:D321  50 50 50 50 50 50 50 A7 
      27   00:D329                          db 80,80,80,80,80,80,80,80,80,80,80,80,80,80,80,80,80,80,80,80,80,80,113,114,80,80,80,80,80,80,71,72,80,80,80,80,80,80,80,73,74,75,80,80,80,113,114,80,80,80,80,170,171,172,173,80,80,80,80,80,80,80,80,80,80,80,80,80,80,80,80,80,80,80,80,113,114,80,80,80,80,80,113,114,80,80,80,80,80,80,80,80,80,80,80,80,80,80,80,113,114,80,80,80,80,80,80,80,80,80,80,80,80,109,110,80,80,80,80,80,80,80,80,80,80,172,172,172,172,80,109,110,80,80,80,105,106,107,80,113,114,80,9,80,80,80,73,74,75,80,80,80,80,80,80,80,80,80,80,113,114,80,80,80,80,80,80,80,113,114,80,80,80,80,80,80,80,80,80,80,80,80,80,113,114,80,80,80,80,80,80,80,80,113,114,80,80,80,80,167
      27   00:D329  50 50 50 50 50 50 50 50 50 50 50 50 50 50 50 50 
      27   00:D339  50 50 50 50 50 50 71 72 50 50 50 50 50 50 47 48 
      27   00:D349  50 50 50 50 50 50 50 49 4A 4B 50 50 50 71 72 50 
      27   00:D359  50 50 50 AA AB AC AD 50 50 50 50 50 50 50 50 50 
      27   00:D369  50 50 50 50 50 50 50 50 50 50 50 71 72 50 50 50 
      27   00:D379  50 50 71 72 50 50 50 50 50 50 50 50 50 50 50 50 
      27   00:D389  50 50 50 71 72 50 50 50 50 50 50 50 50 50 50 50 
      27   00:D399  50 6D 6E 50 50 50 50 50 50 50 50 50 50 AC AC AC 
      27   00:D3A9  AC 50 6D 6E 50 50 50 69 6A 6B 50 71 72 50 09 50 
      27   00:D3B9  50 50 49 4A 4B 50 50 50 50 50 50 50 50 50 50 71 
      27   00:D3C9  72 50 50 50 50 50 50 50 71 72 50 50 50 50 50 50 
      27   00:D3D9  50 50 50 50 50 50 50 71 72 50 50 50 50 50 50 50 
      27   00:D3E9  50 71 72 50 50 50 50 A7 
      28   00:D3F1                          db 80,80,80,73,74,75,80,80,80,80,80,80,80,80,80,80,80,80,80,80,80,80,80,80,80,80,80,80,80,80,103,104,80,80,80,80,80,80,80,80,80,80,80,80,80,80,80,80,80,80,80,80,80,80,80,80,80,80,80,80,80,80,80,80,80,80,80,80,80,80,80,80,80,80,80,80,80,80,80,80,80,80,80,80,80,80,80,80,80,80,80,80,109,110,80,80,80,80,105,106,107,80,80,80,80,80,80,80,170,171,172,173,80,80,80,80,80,80,80,80,80,80,8,80,80,80,80,80,80,80,80,80,80,80,80,80,80,80,80,80,80,167,168,169,80,80,80,80,80,80,80,80,80,80,80,80,80,80,80,80,80,80,80,80,80,80,80,80,80,80,80,80,80,80,80,80,80,80,80,80,80,80,80,80,80,80,80,80,80,80,80,80,80,80,80,80,80,80,80,167
      28   00:D3F1  50 50 50 49 4A 4B 50 50 50 50 50 50 50 50 50 50 
      28   00:D401  50 50 50 50 50 50 50 50 50 50 50 50 50 50 67 68 
      28   00:D411  50 50 50 50 50 50 50 50 50 50 50 50 50 50 50 50 
      28   00:D421  50 50 50 50 50 50 50 50 50 50 50 50 50 50 50 50 
      28   00:D431  50 50 50 50 50 50 50 50 50 50 50 50 50 50 50 50 
      28   00:D441  50 50 50 50 50 50 50 50 50 50 50 50 6D 6E 50 50 
      28   00:D451  50 50 69 6A 6B 50 50 50 50 50 50 50 AA AB AC AD 
      28   00:D461  50 50 50 50 50 50 50 50 50 50 08 50 50 50 50 50 
      28   00:D471  50 50 50 50 50 50 50 50 50 50 50 50 50 A7 A8 A9 
      28   00:D481  50 50 50 50 50 50 50 50 50 50 50 50 50 50 50 50 
      28   00:D491  50 50 50 50 50 50 50 50 50 50 50 50 50 50 50 50 
      28   00:D4A1  50 50 50 50 50 50 50 50 50 50 50 50 50 50 50 50 
      28   00:D4B1  50 50 50 50 50 50 50 A7 
      29   00:D4B9                          db 80,80,80,80,80,80,80,80,80,73,74,75,80,80,80,73,74,75,80,80,105,106,80,80,80,42,80,80,80,80,135,136,80,80,80,80,80,80,80,80,80,80,80,80,80,80,80,80,80,80,80,80,80,80,80,80,170,171,172,173,80,80,80,80,80,80,80,80,80,80,80,80,80,80,80,4,80,80,80,80,80,80,80,80,80,80,80,80,80,80,80,80,80,80,80,80,80,80,80,80,80,80,80,80,80,80,80,80,80,80,80,80,80,80,170,171,172,173,80,80,80,80,170,170,80,80,80,80,80,80,80,80,80,80,80,80,80,80,80,80,80,80,80,80,80,80,80,80,80,80,80,80,80,80,80,80,80,80,80,80,80,80,109,110,80,80,80,80,80,80,80,80,80,73,74,75,80,80,80,80,80,80,80,80,80,80,80,80,80,73,80,80,80,80,80,80,80,80,80,167
      29   00:D4B9  50 50 50 50 50 50 50 50 50 49 4A 4B 50 50 50 49 
      29   00:D4C9  4A 4B 50 50 69 6A 50 50 50 2A 50 50 50 50 87 88 
      29   00:D4D9  50 50 50 50 50 50 50 50 50 50 50 50 50 50 50 50 
      29   00:D4E9  50 50 50 50 50 50 50 50 AA AB AC AD 50 50 50 50 
      29   00:D4F9  50 50 50 50 50 50 50 50 50 50 50 04 50 50 50 50 
      29   00:D509  50 50 50 50 50 50 50 50 50 50 50 50 50 50 50 50 
      29   00:D519  50 50 50 50 50 50 50 50 50 50 50 50 50 50 50 50 
      29   00:D529  50 50 AA AB AC AD 50 50 50 50 AA AA 50 50 50 50 
      29   00:D539  50 50 50 50 50 50 50 50 50 50 50 50 50 50 50 50 
      29   00:D549  50 50 50 50 50 50 50 50 50 50 50 50 50 50 50 50 
      29   00:D559  50 50 6D 6E 50 50 50 50 50 50 50 50 50 49 4A 4B 
      29   00:D569  50 50 50 50 50 50 50 50 50 50 50 50 50 49 50 50 
      29   00:D579  50 50 50 50 50 50 50 A7 
      30   00:D581                          db 80,80,80,80,80,80,80,80,80,80,80,80,80,80,80,80,80,80,80,80,80,80,166,166,166,166,166,80,80,80,80,80,80,80,80,80,80,80,80,80,80,80,80,80,80,80,80,80,80,80,80,80,80,80,80,80,80,80,80,80,80,80,80,80,80,80,80,80,80,80,80,80,80,80,167,167,167,80,80,80,80,80,80,80,80,80,80,80,80,80,80,80,80,80,80,80,80,80,80,80,80,80,80,80,80,80,80,80,80,80,80,80,80,80,80,80,80,80,80,80,80,170,170,170,170,80,80,80,80,80,80,80,80,80,80,80,80,80,80,80,80,80,80,80,167,168,169,80,80,80,80,80,80,80,80,80,80,80,80,80,80,80,80,80,80,80,80,80,80,80,80,80,80,80,80,80,80,80,80,80,80,80,80,80,80,80,80,80,80,80,80,80,80,80,80,80,80,80,167,167
      30   00:D581  50 50 50 50 50 50 50 50 50 50 50 50 50 50 50 50 
      30   00:D591  50 50 50 50 50 50 A6 A6 A6 A6 A6 50 50 50 50 50 
      30   00:D5A1  50 50 50 50 50 50 50 50 50 50 50 50 50 50 50 50 
      30   00:D5B1  50 50 50 50 50 50 50 50 50 50 50 50 50 50 50 50 
      30   00:D5C1  50 50 50 50 50 50 50 50 50 50 A7 A7 A7 50 50 50 
      30   00:D5D1  50 50 50 50 50 50 50 50 50 50 50 50 50 50 50 50 
      30   00:D5E1  50 50 50 50 50 50 50 50 50 50 50 50 50 50 50 50 
      30   00:D5F1  50 50 50 50 50 50 50 50 50 AA AA AA AA 50 50 50 
      30   00:D601  50 50 50 50 50 50 50 50 50 50 50 50 50 50 50 50 
      30   00:D611  A7 A8 A9 50 50 50 50 50 50 50 50 50 50 50 50 50 
      30   00:D621  50 50 50 50 50 50 50 50 50 50 50 50 50 50 50 50 
      30   00:D631  50 50 50 50 50 50 50 50 50 50 50 50 50 50 50 50 
      30   00:D641  50 50 50 50 50 50 A7 A7 
      31   00:D649                          db 80,80,80,80,80,80,80,80,80,80,80,80,80,80,80,80,80,80,42,80,0,80,80,80,80,80,80,80,80,80,80,80,80,80,80,80,80,80,80,80,80,80,80,80,80,80,80,80,80,80,80,80,80,80,80,80,80,80,80,80,80,170,171,172,173,109,110,80,80,80,80,80,80,73,74,75,80,80,80,80,80,80,80,80,80,80,80,80,80,80,6,80,80,80,80,80,80,80,80,80,80,71,72,80,80,80,80,80,80,80,80,80,80,80,80,80,80,80,80,80,80,170,170,170,170,80,80,80,80,80,80,80,80,80,80,80,80,80,80,80,80,80,80,80,80,80,80,80,80,80,80,80,80,80,80,80,80,80,80,80,80,80,80,80,80,80,80,80,80,80,80,80,80,80,80,80,80,80,80,80,80,80,80,80,80,80,80,80,80,80,80,80,80,80,80,80,80,167,167,167
      31   00:D649  50 50 50 50 50 50 50 50 50 50 50 50 50 50 50 50 
      31   00:D659  50 50 2A 50 00 50 50 50 50 50 50 50 50 50 50 50 
      31   00:D669  50 50 50 50 50 50 50 50 50 50 50 50 50 50 50 50 
      31   00:D679  50 50 50 50 50 50 50 50 50 50 50 50 50 AA AB AC 
      31   00:D689  AD 6D 6E 50 50 50 50 50 50 49 4A 4B 50 50 50 50 
      31   00:D699  50 50 50 50 50 50 50 50 50 50 06 50 50 50 50 50 
      31   00:D6A9  50 50 50 50 50 47 48 50 50 50 50 50 50 50 50 50 
      31   00:D6B9  50 50 50 50 50 50 50 50 50 AA AA AA AA 50 50 50 
      31   00:D6C9  50 50 50 50 50 50 50 50 50 50 50 50 50 50 50 50 
      31   00:D6D9  50 50 50 50 50 50 50 50 50 50 50 50 50 50 50 50 
      31   00:D6E9  50 50 50 50 50 50 50 50 50 50 50 50 50 50 50 50 
      31   00:D6F9  50 50 50 50 50 50 50 50 50 50 50 50 50 50 50 50 
      31   00:D709  50 50 50 50 50 A7 A7 A7 
      32   00:D711                          db 80,80,80,80,80,80,80,80,80,80,80,80,80,80,80,80,166,166,166,166,166,80,80,80,80,80,80,80,80,80,73,74,75,80,80,80,80,80,80,80,80,80,80,80,80,80,80,80,80,80,80,80,2,80,80,80,80,80,80,80,80,80,80,80,80,80,80,80,80,80,80,167,167,167,80,80,80,80,80,80,162,80,80,80,80,80,80,80,80,167,167,167,80,73,74,75,80,80,80,80,80,103,104,80,80,80,80,80,80,80,170,171,172,173,80,80,80,80,80,80,80,170,170,170,170,80,80,80,80,80,80,80,80,80,80,73,73,74,75,80,80,80,80,80,80,80,80,80,167,168,169,80,80,80,80,80,80,80,80,80,80,73,74,75,80,80,80,80,80,80,80,80,80,80,80,80,80,80,80,80,80,80,80,80,80,80,80,80,80,80,80,80,80,80,80,80,167,167,167,167
      32   00:D711  50 50 50 50 50 50 50 50 50 50 50 50 50 50 50 50 
      32   00:D721  A6 A6 A6 A6 A6 50 50 50 50 50 50 50 50 50 49 4A 
      32   00:D731  4B 50 50 50 50 50 50 50 50 50 50 50 50 50 50 50 
      32   00:D741  50 50 50 50 02 50 50 50 50 50 50 50 50 50 50 50 
      32   00:D751  50 50 50 50 50 50 50 A7 A7 A7 50 50 50 50 50 50 
      32   00:D761  A2 50 50 50 50 50 50 50 50 A7 A7 A7 50 49 4A 4B 
      32   00:D771  50 50 50 50 50 67 68 50 50 50 50 50 50 50 AA AB 
      32   00:D781  AC AD 50 50 50 50 50 50 50 AA AA AA AA 50 50 50 
      32   00:D791  50 50 50 50 50 50 50 49 49 4A 4B 50 50 50 50 50 
      32   00:D7A1  50 50 50 50 A7 A8 A9 50 50 50 50 50 50 50 50 50 
      32   00:D7B1  50 49 4A 4B 50 50 50 50 50 50 50 50 50 50 50 50 
      32   00:D7C1  50 50 50 50 50 50 50 50 50 50 50 50 50 50 50 50 
      32   00:D7D1  50 50 50 50 A7 A7 A7 A7 
      33   00:D7D9                          db 80,80,80,80,80,80,80,80,80,80,80,80,80,80,80,80,80,80,80,80,80,80,80,80,80,80,80,80,80,80,80,80,80,80,80,80,80,80,80,80,80,80,80,80,80,170,170,170,170,170,170,170,170,170,170,170,170,170,170,170,80,80,80,80,80,80,80,80,80,80,80,80,80,80,80,80,80,80,80,162,162,162,80,80,80,80,80,80,80,80,80,80,80,80,80,80,80,80,80,80,80,135,136,80,80,80,80,80,80,80,80,80,80,80,80,80,73,74,75,80,80,170,170,170,170,80,80,80,80,105,106,107,80,80,80,80,80,80,80,80,80,80,80,80,80,80,80,80,80,80,80,80,80,80,80,80,80,80,80,80,80,80,80,80,80,80,80,80,80,80,80,80,80,80,80,80,80,105,106,107,80,80,80,80,80,80,80,80,80,80,80,80,80,80,80,169,167,167,167,167
      33   00:D7D9  50 50 50 50 50 50 50 50 50 50 50 50 50 50 50 50 
      33   00:D7E9  50 50 50 50 50 50 50 50 50 50 50 50 50 50 50 50 
      33   00:D7F9  50 50 50 50 50 50 50 50 50 50 50 50 50 AA AA AA 
      33   00:D809  AA AA AA AA AA AA AA AA AA AA AA AA 50 50 50 50 
      33   00:D819  50 50 50 50 50 50 50 50 50 50 50 50 50 50 50 A2 
      33   00:D829  A2 A2 50 50 50 50 50 50 50 50 50 50 50 50 50 50 
      33   00:D839  50 50 50 50 50 87 88 50 50 50 50 50 50 50 50 50 
      33   00:D849  50 50 50 50 49 4A 4B 50 50 AA AA AA AA 50 50 50 
      33   00:D859  50 69 6A 6B 50 50 50 50 50 50 50 50 50 50 50 50 
      33   00:D869  50 50 50 50 50 50 50 50 50 50 50 50 50 50 50 50 
      33   00:D879  50 50 50 50 50 50 50 50 50 50 50 50 50 50 50 50 
      33   00:D889  50 69 6A 6B 50 50 50 50 50 50 50 50 50 50 50 50 
      33   00:D899  50 50 50 A9 A7 A7 A7 A7 
      34   00:D8A1                          db 80,80,80,80,80,80,80,80,166,166,166,166,166,166,166,80,80,80,80,80,80,80,80,80,80,80,80,80,80,80,80,80,80,80,80,80,80,80,80,80,80,80,80,80,80,170,170,170,170,170,170,170,170,170,170,170,170,170,170,170,80,80,80,80,80,80,80,80,167,167,167,80,80,80,80,80,80,80,162,162,162,162,162,80,80,80,167,167,167,80,80,80,80,80,80,80,80,80,80,80,80,80,80,80,80,170,171,172,173,80,80,80,80,80,80,80,80,80,80,80,80,170,170,170,170,80,80,80,80,80,80,80,80,80,80,80,80,80,80,80,80,80,80,80,80,167,168,169,80,80,80,80,80,80,80,80,80,80,80,80,80,80,80,80,80,80,80,80,80,80,80,80,80,80,80,80,80,80,80,80,80,80,80,80,80,80,80,80,80,80,80,80,80,80,80,62,166,167,167,167
      34   00:D8A1  50 50 50 50 50 50 50 50 A6 A6 A6 A6 A6 A6 A6 50 
      34   00:D8B1  50 50 50 50 50 50 50 50 50 50 50 50 50 50 50 50 
      34   00:D8C1  50 50 50 50 50 50 50 50 50 50 50 50 50 AA AA AA 
      34   00:D8D1  AA AA AA AA AA AA AA AA AA AA AA AA 50 50 50 50 
      34   00:D8E1  50 50 50 50 A7 A7 A7 50 50 50 50 50 50 50 A2 A2 
      34   00:D8F1  A2 A2 A2 50 50 50 A7 A7 A7 50 50 50 50 50 50 50 
      34   00:D901  50 50 50 50 50 50 50 50 50 AA AB AC AD 50 50 50 
      34   00:D911  50 50 50 50 50 50 50 50 50 AA AA AA AA 50 50 50 
      34   00:D921  50 50 50 50 50 50 50 50 50 50 50 50 50 50 50 50 
      34   00:D931  50 A7 A8 A9 50 50 50 50 50 50 50 50 50 50 50 50 
      34   00:D941  50 50 50 50 50 50 50 50 50 50 50 50 50 50 50 50 
      34   00:D951  50 50 50 50 50 50 50 50 50 50 50 50 50 50 50 50 
      34   00:D961  50 50 50 3E A6 A7 A7 A7 
      35   00:D969                          db 80,80,80,80,80,80,80,80,80,80,80,80,80,80,80,80,80,80,80,80,80,80,80,80,80,80,80,80,80,80,80,1,80,80,80,80,80,80,80,80,80,80,80,80,80,80,80,80,80,80,170,170,170,170,170,170,80,80,80,80,80,80,80,80,80,80,80,80,80,80,80,80,80,80,80,80,80,162,162,162,162,162,162,162,80,5,80,80,80,80,80,80,80,80,80,80,80,80,80,80,80,80,80,80,80,80,80,80,80,80,80,80,80,80,80,80,80,80,80,80,80,170,170,170,170,80,80,80,80,80,80,80,80,80,80,80,80,80,80,80,80,80,80,80,80,80,80,80,80,80,80,80,80,80,80,80,80,80,10,80,80,80,80,80,80,80,80,80,80,80,80,80,80,80,80,80,80,80,80,80,80,80,80,80,80,80,80,80,80,80,80,80,80,80,80,62,166,167,167,167
      35   00:D969  50 50 50 50 50 50 50 50 50 50 50 50 50 50 50 50 
      35   00:D979  50 50 50 50 50 50 50 50 50 50 50 50 50 50 50 01 
      35   00:D989  50 50 50 50 50 50 50 50 50 50 50 50 50 50 50 50 
      35   00:D999  50 50 AA AA AA AA AA AA 50 50 50 50 50 50 50 50 
      35   00:D9A9  50 50 50 50 50 50 50 50 50 50 50 50 50 A2 A2 A2 
      35   00:D9B9  A2 A2 A2 A2 50 05 50 50 50 50 50 50 50 50 50 50 
      35   00:D9C9  50 50 50 50 50 50 50 50 50 50 50 50 50 50 50 50 
      35   00:D9D9  50 50 50 50 50 50 50 50 50 AA AA AA AA 50 50 50 
      35   00:D9E9  50 50 50 50 50 50 50 50 50 50 50 50 50 50 50 50 
      35   00:D9F9  50 50 50 50 50 50 50 50 50 50 50 50 50 50 0A 50 
      35   00:DA09  50 50 50 50 50 50 50 50 50 50 50 50 50 50 50 50 
      35   00:DA19  50 50 50 50 50 50 50 50 50 50 50 50 50 50 50 50 
      35   00:DA29  50 50 50 3E A6 A7 A7 A7 
      36   00:DA31                          db 160,161,162,163,164,165,160,160,160,160,160,160,161,162,160,161,160,160,80,80,80,80,80,80,160,161,160,161,160,160,160,160,161,160,161,161,162,160,160,160,161,162,163,164,160,161,162,80,80,80,170,170,170,170,170,170,80,80,162,160,161,162,163,164,160,161,162,163,164,160,161,162,163,164,160,161,162,163,164,160,161,162,163,164,160,161,162,160,161,162,163,164,160,161,162,163,164,160,161,162,163,164,165,160,161,162,163,164,165,165,165,162,162,161,162,163,164,165,160,161,162,163,160,161,162,163,160,161,162,163,164,160,161,162,80,80,162,163,80,80,163,163,80,160,160,161,162,160,80,80,163,160,161,162,80,80,161,162,163,164,162,162,162,163,164,160,161,162,163,160,161,162,163,164,160,161,162,163,160,161,162,160,161,162,163,164,165,160,161,162,163,160,161,162,163,160,161,162,160,160
      36   00:DA31  A0 A1 A2 A3 A4 A5 A0 A0 A0 A0 A0 A0 A1 A2 A0 A1 
      36   00:DA41  A0 A0 50 50 50 50 50 50 A0 A1 A0 A1 A0 A0 A0 A0 
      36   00:DA51  A1 A0 A1 A1 A2 A0 A0 A0 A1 A2 A3 A4 A0 A1 A2 50 
      36   00:DA61  50 50 AA AA AA AA AA AA 50 50 A2 A0 A1 A2 A3 A4 
      36   00:DA71  A0 A1 A2 A3 A4 A0 A1 A2 A3 A4 A0 A1 A2 A3 A4 A0 
      36   00:DA81  A1 A2 A3 A4 A0 A1 A2 A0 A1 A2 A3 A4 A0 A1 A2 A3 
      36   00:DA91  A4 A0 A1 A2 A3 A4 A5 A0 A1 A2 A3 A4 A5 A5 A5 A2 
      36   00:DAA1  A2 A1 A2 A3 A4 A5 A0 A1 A2 A3 A0 A1 A2 A3 A0 A1 
      36   00:DAB1  A2 A3 A4 A0 A1 A2 50 50 A2 A3 50 50 A3 A3 50 A0 
      36   00:DAC1  A0 A1 A2 A0 50 50 A3 A0 A1 A2 50 50 A1 A2 A3 A4 
      36   00:DAD1  A2 A2 A2 A3 A4 A0 A1 A2 A3 A0 A1 A2 A3 A4 A0 A1 
      36   00:DAE1  A2 A3 A0 A1 A2 A0 A1 A2 A3 A4 A5 A0 A1 A2 A3 A0 
      36   00:DAF1  A1 A2 A3 A0 A1 A2 A0 A0 
      37   00:DAF9                      
      38   00:DAF9                      
      39   00:DAF9                      
      40   00:DAF9                      
      41   00:DAF9                      
      42   00:DAF9                      FINAL:

    LABELS
-------------------------------------------------
00:0000C900   INICIO
00:0000C901 X level1
00:0000DAF9   FINAL


 Output: src/world0.out
-------------------------------------------------

 Page: 00
  Org: 0000C900  Size: *  Used: 00000000

    No output

 Output: world0.bin
-------------------------------------------------

 Page: 00
  Org: 0000C900  Size: *  Used: 00001200

   Address   Length Align   Label
   0000C900    4608         INICIO
