Sjasm Z80 Assembler v0.42c - www.xl2s.tk             [2021.11.16 - 18:24:12]

world0.asm
Errors: 0

       1   00:0000                        
       2   00:0000                              output "world0.bin"
       3   00:D000                      
       4   00:D000  FE                      db   #fe               ; ID archivo binario, siempre hay que poner el mismo -1FEh
       5   00:D001  00 D0                   dw   INICIO            ; dirección de inicio
       6   00:D003  F8 E1                   dw   FINAL - 1         ; dirección final
       7   00:D005  00 D0                   dw   INICIO             ; dircción del programa de ejecución (para cuando pongas r en bload"nombre_programa", r)
       8   00:D007                      
       9   00:D007                          org #d000 ; o 57344, org se utiliza para decirle al z80 en que posición de memoria RAM empieza nuestro programa en ensamblador
      10   00:D000                      
      11   00:D000                      INICIO:
      12   00:D000  C9                      ret ; el ret es necesario para que vuelva al basic
      13   00:D001                      level0:
      14   00:D001                          ;200 tiles de ancho x 23 de alto, dejamos 3 tiles en la parte de debajo para el marcador
      15   00:D001                      
      16   00:D001                      
      17   00:D001                      
      18   00:D001                      
      19   00:D001                          db 64,64,64,64,64,64,64,64,64,64,64,64,64,64,64,64,64,64,64,64,64,64,64,64,64,64,64,64,64,64,64,64,64,64,64,64,64,64,64,64,64,64,64,64,64,64,64,64,64,64,64,64,64,64,64,64,64,64,64,64,64,64,64,64,64,64,64,64,64,64,64,64,64,64,64,64,64,64,64,64,64,64,64,64,64,64,64,64,64,64,64,64,64,64,64,64,64,64,64,64,64,64,64,64,64,64,64,64,64,64,64,64,64,64,64,64,64,64,64,64,64,64,64,64,64,64,64,64,64,64,64,64,64,64,64,64,64,64,64,64,64,64,64,64,64,64,64,64,64,64,64,64,64,64,64,64,64,64,64,64,64,64,64,64,64,64,64,64,64,64,64,64,64,64,64,64,64,64,64,64,64,64,64,64,64,64,64,64,64,64,64,64,64,64,64,64,64,64,64,64
      19   00:D001  40 40 40 40 40 40 40 40 40 40 40 40 40 40 40 40 
      19   00:D011  40 40 40 40 40 40 40 40 40 40 40 40 40 40 40 40 
      19   00:D021  40 40 40 40 40 40 40 40 40 40 40 40 40 40 40 40 
      19   00:D031  40 40 40 40 40 40 40 40 40 40 40 40 40 40 40 40 
      19   00:D041  40 40 40 40 40 40 40 40 40 40 40 40 40 40 40 40 
      19   00:D051  40 40 40 40 40 40 40 40 40 40 40 40 40 40 40 40 
      19   00:D061  40 40 40 40 40 40 40 40 40 40 40 40 40 40 40 40 
      19   00:D071  40 40 40 40 40 40 40 40 40 40 40 40 40 40 40 40 
      19   00:D081  40 40 40 40 40 40 40 40 40 40 40 40 40 40 40 40 
      19   00:D091  40 40 40 40 40 40 40 40 40 40 40 40 40 40 40 40 
      19   00:D0A1  40 40 40 40 40 40 40 40 40 40 40 40 40 40 40 40 
      19   00:D0B1  40 40 40 40 40 40 40 40 40 40 40 40 40 40 40 40 
      19   00:D0C1  40 40 40 40 40 40 40 40 
      20   00:D0C9                          db 64,64,64,64,64,64,64,64,64,64,64,64,64,64,64,64,64,64,64,64,64,64,64,64,64,64,64,64,64,64,64,64,64,64,64,64,64,64,64,64,64,64,64,64,64,64,64,64,64,64,64,64,64,64,64,64,64,64,64,64,64,64,64,64,64,64,64,64,64,64,64,64,64,64,64,64,64,64,64,64,64,64,64,64,64,64,64,64,64,64,64,64,64,64,64,64,64,64,64,64,64,64,64,64,64,64,64,64,64,64,64,64,64,64,64,64,128,98,98,98,98,64,64,64,64,64,64,64,64,64,64,64,64,64,64,64,64,64,64,64,64,64,64,64,64,64,64,64,64,64,64,64,64,64,64,64,64,64,64,64,64,64,64,64,64,64,64,64,64,64,64,64,64,64,64,64,64,64,64,64,64,64,64,64,64,64,64,64,64,64,64,64,64,64,64,64,64,64,64,64
      20   00:D0C9  40 40 40 40 40 40 40 40 40 40 40 40 40 40 40 40 
      20   00:D0D9  40 40 40 40 40 40 40 40 40 40 40 40 40 40 40 40 
      20   00:D0E9  40 40 40 40 40 40 40 40 40 40 40 40 40 40 40 40 
      20   00:D0F9  40 40 40 40 40 40 40 40 40 40 40 40 40 40 40 40 
      20   00:D109  40 40 40 40 40 40 40 40 40 40 40 40 40 40 40 40 
      20   00:D119  40 40 40 40 40 40 40 40 40 40 40 40 40 40 40 40 
      20   00:D129  40 40 40 40 40 40 40 40 40 40 40 40 40 40 40 40 
      20   00:D139  40 40 40 40 80 62 62 62 62 40 40 40 40 40 40 40 
      20   00:D149  40 40 40 40 40 40 40 40 40 40 40 40 40 40 40 40 
      20   00:D159  40 40 40 40 40 40 40 40 40 40 40 40 40 40 40 40 
      20   00:D169  40 40 40 40 40 40 40 40 40 40 40 40 40 40 40 40 
      20   00:D179  40 40 40 40 40 40 40 40 40 40 40 40 40 40 40 40 
      20   00:D189  40 40 40 40 40 40 40 40 
      21   00:D191                          db 64,64,64,64,64,64,64,64,64,64,64,64,64,64,64,64,64,64,64,64,64,64,64,64,64,64,64,64,64,64,64,64,64,64,64,64,64,64,64,64,64,64,64,64,64,64,64,64,64,64,64,64,64,64,64,64,64,64,64,64,64,64,64,64,64,64,64,64,64,64,64,97,97,97,98,99,64,64,64,64,64,64,64,64,64,64,64,64,64,64,64,64,64,64,97,98,98,98,98,98,64,64,64,64,64,64,64,64,64,64,64,64,97,98,98,98,102,102,102,102,102,99,64,64,64,64,97,98,98,99,64,64,97,98,98,99,64,64,64,64,64,64,64,64,64,64,64,64,64,64,64,64,64,64,64,97,102,102,102,64,64,64,64,64,64,64,64,64,64,64,64,64,64,64,64,64,64,64,64,64,64,64,64,64,64,64,64,64,64,64,64,64,64,64,64,64,64,64,64,64
      21   00:D191  40 40 40 40 40 40 40 40 40 40 40 40 40 40 40 40 
      21   00:D1A1  40 40 40 40 40 40 40 40 40 40 40 40 40 40 40 40 
      21   00:D1B1  40 40 40 40 40 40 40 40 40 40 40 40 40 40 40 40 
      21   00:D1C1  40 40 40 40 40 40 40 40 40 40 40 40 40 40 40 40 
      21   00:D1D1  40 40 40 40 40 40 40 61 61 61 62 63 40 40 40 40 
      21   00:D1E1  40 40 40 40 40 40 40 40 40 40 40 40 40 40 61 62 
      21   00:D1F1  62 62 62 62 40 40 40 40 40 40 40 40 40 40 40 40 
      21   00:D201  61 62 62 62 66 66 66 66 66 63 40 40 40 40 61 62 
      21   00:D211  62 63 40 40 61 62 62 63 40 40 40 40 40 40 40 40 
      21   00:D221  40 40 40 40 40 40 40 40 40 40 40 61 66 66 66 40 
      21   00:D231  40 40 40 40 40 40 40 40 40 40 40 40 40 40 40 40 
      21   00:D241  40 40 40 40 40 40 40 40 40 40 40 40 40 40 40 40 
      21   00:D251  40 40 40 40 40 40 40 40 
      22   00:D259                          db 64,64,64,64,64,64,64,64,64,64,64,64,64,64,64,64,64,64,64,64,64,64,64,64,64,64,64,64,64,64,64,64,64,64,64,64,64,64,64,64,64,64,64,64,64,64,64,64,64,64,64,64,64,64,64,64,64,64,64,64,64,64,64,64,64,64,64,64,64,64,128,102,102,102,102,102,132,64,64,64,64,64,64,64,64,64,64,64,64,64,64,64,64,128,102,102,102,102,102,102,131,64,64,64,64,64,64,64,64,64,64,128,102,102,102,102,102,102,102,102,102,102,99,64,64,97,102,102,102,102,99,97,102,102,102,131,132,64,64,64,64,64,64,64,64,64,64,64,64,64,64,64,64,64,97,102,102,102,102,102,102,64,64,64,64,64,64,64,64,64,64,64,64,64,64,64,64,64,64,64,64,64,64,64,64,64,64,64,102,102,102,102,64,64,64,64,64,64,64,64
      22   00:D259  40 40 40 40 40 40 40 40 40 40 40 40 40 40 40 40 
      22   00:D269  40 40 40 40 40 40 40 40 40 40 40 40 40 40 40 40 
      22   00:D279  40 40 40 40 40 40 40 40 40 40 40 40 40 40 40 40 
      22   00:D289  40 40 40 40 40 40 40 40 40 40 40 40 40 40 40 40 
      22   00:D299  40 40 40 40 40 40 80 66 66 66 66 66 84 40 40 40 
      22   00:D2A9  40 40 40 40 40 40 40 40 40 40 40 40 40 80 66 66 
      22   00:D2B9  66 66 66 66 83 40 40 40 40 40 40 40 40 40 40 80 
      22   00:D2C9  66 66 66 66 66 66 66 66 66 66 63 40 40 61 66 66 
      22   00:D2D9  66 66 63 61 66 66 66 83 84 40 40 40 40 40 40 40 
      22   00:D2E9  40 40 40 40 40 40 40 40 40 40 61 66 66 66 66 66 
      22   00:D2F9  66 40 40 40 40 40 40 40 40 40 40 40 40 40 40 40 
      22   00:D309  40 40 40 40 40 40 40 40 40 40 40 40 66 66 66 66 
      22   00:D319  40 40 40 40 40 40 40 40 
      23   00:D321                          db 28,29,30,64,64,64,64,64,64,64,64,64,64,64,64,64,64,64,64,64,64,64,64,64,64,64,64,64,64,64,64,64,64,64,64,64,64,64,64,64,64,64,64,64,64,64,64,64,64,64,64,64,64,64,64,64,64,64,64,64,64,64,64,64,64,64,64,64,64,128,102,102,102,102,102,102,102,132,64,64,64,64,64,64,64,64,64,64,64,64,64,64,128,102,102,102,102,102,102,102,102,131,64,64,64,64,64,64,64,64,128,102,102,102,102,102,102,102,102,102,102,102,102,99,97,102,102,102,102,102,102,102,102,102,102,102,131,132,64,64,64,64,64,64,64,64,64,64,64,64,64,64,64,97,102,102,102,102,102,102,102,102,102,64,64,64,64,64,64,64,64,64,64,64,64,64,64,64,64,64,64,64,64,64,102,102,102,102,102,102,102,102,102,64,64,64,64,28,29,30
      23   00:D321  1C 1D 1E 40 40 40 40 40 40 40 40 40 40 40 40 40 
      23   00:D331  40 40 40 40 40 40 40 40 40 40 40 40 40 40 40 40 
      23   00:D341  40 40 40 40 40 40 40 40 40 40 40 40 40 40 40 40 
      23   00:D351  40 40 40 40 40 40 40 40 40 40 40 40 40 40 40 40 
      23   00:D361  40 40 40 40 40 80 66 66 66 66 66 66 66 84 40 40 
      23   00:D371  40 40 40 40 40 40 40 40 40 40 40 40 80 66 66 66 
      23   00:D381  66 66 66 66 66 83 40 40 40 40 40 40 40 40 80 66 
      23   00:D391  66 66 66 66 66 66 66 66 66 66 66 63 61 66 66 66 
      23   00:D3A1  66 66 66 66 66 66 66 66 83 84 40 40 40 40 40 40 
      23   00:D3B1  40 40 40 40 40 40 40 40 40 61 66 66 66 66 66 66 
      23   00:D3C1  66 66 66 40 40 40 40 40 40 40 40 40 40 40 40 40 
      23   00:D3D1  40 40 40 40 40 40 40 40 66 66 66 66 66 66 66 66 
      23   00:D3E1  66 40 40 40 40 1C 1D 1E 
      24   00:D3E9                          db 60,61,62,64,64,64,64,64,64,64,64,64,64,64,64,64,64,64,64,64,64,64,64,64,64,64,96,97,98,98,99,64,64,64,64,64,64,64,64,64,64,64,64,64,64,64,64,64,64,64,64,64,64,64,64,64,64,64,64,64,64,64,64,64,64,64,64,64,128,102,102,102,102,102,102,102,102,102,64,64,64,64,64,64,64,64,64,64,64,64,64,128,102,102,102,102,102,102,102,102,102,102,131,64,64,64,64,64,64,128,102,102,102,102,102,102,102,102,102,102,102,102,102,102,102,102,102,102,102,102,102,102,102,102,102,102,102,102,132,64,64,64,64,64,64,64,64,64,64,64,64,64,97,102,102,102,102,102,102,102,102,102,102,102,64,64,64,64,64,64,64,64,64,64,64,64,64,64,64,64,102,102,102,102,102,102,102,102,102,102,102,102,102,102,64,64,64,60,61,62
      24   00:D3E9  3C 3D 3E 40 40 40 40 40 40 40 40 40 40 40 40 40 
      24   00:D3F9  40 40 40 40 40 40 40 40 40 40 60 61 62 62 63 40 
      24   00:D409  40 40 40 40 40 40 40 40 40 40 40 40 40 40 40 40 
      24   00:D419  40 40 40 40 40 40 40 40 40 40 40 40 40 40 40 40 
      24   00:D429  40 40 40 40 80 66 66 66 66 66 66 66 66 66 40 40 
      24   00:D439  40 40 40 40 40 40 40 40 40 40 40 80 66 66 66 66 
      24   00:D449  66 66 66 66 66 66 83 40 40 40 40 40 40 80 66 66 
      24   00:D459  66 66 66 66 66 66 66 66 66 66 66 66 66 66 66 66 
      24   00:D469  66 66 66 66 66 66 66 66 66 66 84 40 40 40 40 40 
      24   00:D479  40 40 40 40 40 40 40 40 61 66 66 66 66 66 66 66 
      24   00:D489  66 66 66 66 40 40 40 40 40 40 40 40 40 40 40 40 
      24   00:D499  40 40 40 40 66 66 66 66 66 66 66 66 66 66 66 66 
      24   00:D4A9  66 66 40 40 40 3C 3D 3E 
      25   00:D4B1                          db 92,93,94,64,64,64,128,98,99,64,64,64,64,96,97,98,99,100,64,64,64,64,64,64,64,96,128,129,102,102,102,99,64,100,64,64,64,64,64,64,64,64,64,64,64,96,97,98,98,98,98,98,98,98,98,99,64,64,64,64,64,64,64,64,64,64,64,128,102,102,102,102,102,102,102,102,102,102,132,64,64,64,64,64,64,64,64,64,64,97,102,102,102,102,102,102,102,102,102,102,102,102,102,131,64,64,64,64,128,102,102,102,102,102,102,102,102,102,102,102,102,102,102,102,102,102,102,102,102,102,102,102,102,102,102,102,102,102,102,132,64,64,64,64,64,64,64,64,97,98,98,98,102,102,102,102,102,102,102,102,102,102,102,102,102,64,64,64,64,64,64,64,64,64,64,64,64,64,102,102,102,102,102,102,102,102,102,102,102,102,102,102,102,102,102,64,64,92,93,94
      25   00:D4B1  5C 5D 5E 40 40 40 80 62 63 40 40 40 40 60 61 62 
      25   00:D4C1  63 64 40 40 40 40 40 40 40 60 80 81 66 66 66 63 
      25   00:D4D1  40 64 40 40 40 40 40 40 40 40 40 40 40 60 61 62 
      25   00:D4E1  62 62 62 62 62 62 62 63 40 40 40 40 40 40 40 40 
      25   00:D4F1  40 40 40 80 66 66 66 66 66 66 66 66 66 66 84 40 
      25   00:D501  40 40 40 40 40 40 40 40 40 61 66 66 66 66 66 66 
      25   00:D511  66 66 66 66 66 66 66 83 40 40 40 40 80 66 66 66 
      25   00:D521  66 66 66 66 66 66 66 66 66 66 66 66 66 66 66 66 
      25   00:D531  66 66 66 66 66 66 66 66 66 66 66 84 40 40 40 40 
      25   00:D541  40 40 40 40 61 62 62 62 66 66 66 66 66 66 66 66 
      25   00:D551  66 66 66 66 66 40 40 40 40 40 40 40 40 40 40 40 
      25   00:D561  40 40 66 66 66 66 66 66 66 66 66 66 66 66 66 66 
      25   00:D571  66 66 66 40 40 5C 5D 5E 
      26   00:D579                          db 25,26,27,96,96,128,129,130,131,64,64,96,96,97,129,102,131,99,100,64,64,64,64,64,96,128,129,129,102,102,102,131,131,99,100,64,64,64,64,64,64,64,64,64,64,128,129,102,102,102,102,102,102,102,102,102,99,64,64,64,64,64,64,64,64,64,128,102,102,102,102,102,102,102,102,102,102,102,102,132,64,64,64,64,64,64,64,64,128,102,102,102,102,102,102,102,102,102,102,102,102,102,102,102,131,64,64,128,102,102,102,102,102,102,102,102,102,102,102,102,102,102,102,102,102,102,102,102,102,102,102,102,102,102,102,102,102,102,102,102,132,64,64,64,64,64,64,128,102,102,102,102,102,102,102,102,102,102,102,102,102,102,102,102,102,102,102,64,64,64,64,64,64,64,64,64,102,102,102,102,102,102,102,102,102,102,102,102,102,102,102,102,102,102,102,102,102,25,26,27
      26   00:D579  19 1A 1B 60 60 80 81 82 83 40 40 60 60 61 81 66 
      26   00:D589  83 63 64 40 40 40 40 40 60 80 81 81 66 66 66 83 
      26   00:D599  83 63 64 40 40 40 40 40 40 40 40 40 40 80 81 66 
      26   00:D5A9  66 66 66 66 66 66 66 66 63 40 40 40 40 40 40 40 
      26   00:D5B9  40 40 80 66 66 66 66 66 66 66 66 66 66 66 66 84 
      26   00:D5C9  40 40 40 40 40 40 40 40 80 66 66 66 66 66 66 66 
      26   00:D5D9  66 66 66 66 66 66 66 66 83 40 40 80 66 66 66 66 
      26   00:D5E9  66 66 66 66 66 66 66 66 66 66 66 66 66 66 66 66 
      26   00:D5F9  66 66 66 66 66 66 66 66 66 66 66 66 84 40 40 40 
      26   00:D609  40 40 40 80 66 66 66 66 66 66 66 66 66 66 66 66 
      26   00:D619  66 66 66 66 66 66 66 40 40 40 40 40 40 40 40 40 
      26   00:D629  66 66 66 66 66 66 66 66 66 66 66 66 66 66 66 66 
      26   00:D639  66 66 66 66 66 19 1A 1B 
      27   00:D641                          db 57,58,59,96,128,129,102,102,102,131,132,96,97,129,102,102,102,131,99,100,64,64,64,96,128,129,102,102,102,102,102,102,102,131,99,100,64,64,64,64,64,64,64,64,128,129,129,102,102,102,102,102,102,102,102,102,131,99,64,64,64,64,64,64,64,128,102,102,102,102,102,102,102,102,102,102,102,102,102,102,132,64,64,64,64,64,64,128,102,102,102,102,102,102,102,102,102,102,102,102,102,102,102,102,102,131,128,102,102,102,102,102,102,102,102,102,102,102,102,102,102,102,102,102,102,102,102,102,102,102,102,102,102,102,102,102,102,102,102,102,102,132,64,64,64,64,128,102,102,102,102,102,102,102,102,102,102,102,102,102,102,102,102,102,102,102,102,102,64,64,64,64,64,64,102,102,102,102,102,102,102,102,102,102,102,102,102,102,102,102,102,102,102,102,102,102,102,57,58,59
      27   00:D641  39 3A 3B 60 80 81 66 66 66 83 84 60 61 81 66 66 
      27   00:D651  66 83 63 64 40 40 40 60 80 81 66 66 66 66 66 66 
      27   00:D661  66 83 63 64 40 40 40 40 40 40 40 40 80 81 81 66 
      27   00:D671  66 66 66 66 66 66 66 66 83 63 40 40 40 40 40 40 
      27   00:D681  40 80 66 66 66 66 66 66 66 66 66 66 66 66 66 66 
      27   00:D691  84 40 40 40 40 40 40 80 66 66 66 66 66 66 66 66 
      27   00:D6A1  66 66 66 66 66 66 66 66 66 83 80 66 66 66 66 66 
      27   00:D6B1  66 66 66 66 66 66 66 66 66 66 66 66 66 66 66 66 
      27   00:D6C1  66 66 66 66 66 66 66 66 66 66 66 66 66 84 40 40 
      27   00:D6D1  40 40 80 66 66 66 66 66 66 66 66 66 66 66 66 66 
      27   00:D6E1  66 66 66 66 66 66 66 66 40 40 40 40 40 40 66 66 
      27   00:D6F1  66 66 66 66 66 66 66 66 66 66 66 66 66 66 66 66 
      27   00:D701  66 66 66 66 66 39 3A 3B 
      28   00:D709                          db 89,90,91,128,129,102,102,102,102,102,102,132,129,129,102,102,102,102,131,132,64,100,96,128,129,102,102,102,102,102,102,102,102,102,131,132,64,64,64,64,64,64,64,128,129,102,102,102,102,102,102,102,102,102,102,102,102,102,132,64,64,64,64,64,128,102,102,102,102,102,102,102,102,102,102,102,102,102,102,102,102,102,132,64,64,64,128,102,102,102,102,102,102,102,102,102,102,102,102,102,102,102,102,102,102,102,102,102,102,102,102,102,102,102,102,102,102,102,102,102,102,102,102,102,102,102,102,102,102,102,102,102,102,102,102,102,102,102,102,102,102,102,132,64,64,128,102,102,102,102,102,102,102,102,102,102,102,102,102,102,102,102,102,102,102,102,102,102,102,102,102,102,102,102,102,102,102,102,102,102,102,102,102,102,102,102,102,102,102,102,102,102,102,102,102,102,102,89,90,91
      28   00:D709  59 5A 5B 80 81 66 66 66 66 66 66 84 81 81 66 66 
      28   00:D719  66 66 83 84 40 64 60 80 81 66 66 66 66 66 66 66 
      28   00:D729  66 66 83 84 40 40 40 40 40 40 40 80 81 66 66 66 
      28   00:D739  66 66 66 66 66 66 66 66 66 66 84 40 40 40 40 40 
      28   00:D749  80 66 66 66 66 66 66 66 66 66 66 66 66 66 66 66 
      28   00:D759  66 66 84 40 40 40 80 66 66 66 66 66 66 66 66 66 
      28   00:D769  66 66 66 66 66 66 66 66 66 66 66 66 66 66 66 66 
      28   00:D779  66 66 66 66 66 66 66 66 66 66 66 66 66 66 66 66 
      28   00:D789  66 66 66 66 66 66 66 66 66 66 66 66 66 66 84 40 
      28   00:D799  40 80 66 66 66 66 66 66 66 66 66 66 66 66 66 66 
      28   00:D7A9  66 66 66 66 66 66 66 66 66 66 66 66 66 66 66 66 
      28   00:D7B9  66 66 66 66 66 66 66 66 66 66 66 66 66 66 66 66 
      28   00:D7C9  66 66 66 66 66 59 5A 5B 
      29   00:D7D1                          db 25,26,27,102,102,102,102,102,102,102,102,130,130,102,102,102,102,102,102,102,131,132,128,129,102,102,102,102,102,102,102,102,102,102,102,102,102,102,102,64,128,129,102,102,102,102,102,102,102,102,102,102,102,102,102,102,102,102,102,132,64,64,64,128,102,102,102,102,102,102,102,102,102,102,102,102,102,102,102,102,102,102,102,132,64,128,102,102,102,102,102,102,102,102,102,102,102,102,102,102,102,102,102,102,102,102,102,102,102,102,102,102,102,102,102,102,102,102,102,102,102,102,102,102,102,102,102,102,102,102,102,102,102,102,102,102,102,102,102,102,102,102,102,132,128,102,102,102,102,102,102,102,102,102,102,102,102,102,102,102,102,102,102,102,102,102,102,102,102,102,102,102,102,102,102,102,102,102,102,102,102,102,102,102,102,102,102,102,102,102,102,102,102,102,102,102,102,25,26,27
      29   00:D7D1  19 1A 1B 66 66 66 66 66 66 66 66 82 82 66 66 66 
      29   00:D7E1  66 66 66 66 83 84 80 81 66 66 66 66 66 66 66 66 
      29   00:D7F1  66 66 66 66 66 66 66 40 80 81 66 66 66 66 66 66 
      29   00:D801  66 66 66 66 66 66 66 66 66 66 66 84 40 40 40 80 
      29   00:D811  66 66 66 66 66 66 66 66 66 66 66 66 66 66 66 66 
      29   00:D821  66 66 66 84 40 80 66 66 66 66 66 66 66 66 66 66 
      29   00:D831  66 66 66 66 66 66 66 66 66 66 66 66 66 66 66 66 
      29   00:D841  66 66 66 66 66 66 66 66 66 66 66 66 66 66 66 66 
      29   00:D851  66 66 66 66 66 66 66 66 66 66 66 66 66 66 66 84 
      29   00:D861  80 66 66 66 66 66 66 66 66 66 66 66 66 66 66 66 
      29   00:D871  66 66 66 66 66 66 66 66 66 66 66 66 66 66 66 66 
      29   00:D881  66 66 66 66 66 66 66 66 66 66 66 66 66 66 66 66 
      29   00:D891  66 66 66 66 66 19 1A 1B 
      30   00:D899                          db 57,58,59,102,102,102,102,102,102,102,102,102,102,102,102,102,102,102,102,102,102,102,102,102,102,102,102,102,102,102,102,102,102,102,102,102,102,102,102,102,102,102,102,102,102,102,102,102,102,102,102,102,102,102,102,102,102,102,102,102,102,102,102,102,102,102,102,102,102,102,102,102,102,102,102,102,102,102,102,102,102,102,102,102,102,102,102,102,102,102,102,102,102,102,102,102,102,102,102,102,102,102,102,102,102,102,102,102,102,102,102,102,102,102,102,102,102,102,102,102,102,102,102,102,102,102,102,102,102,102,102,102,102,102,102,102,102,102,102,102,102,102,102,102,102,102,102,102,102,102,102,102,102,102,102,102,102,102,102,102,102,102,102,102,102,102,102,102,102,102,102,102,102,102,102,102,102,102,102,102,102,102,102,102,102,102,102,102,102,102,102,102,102,102,102,102,102,57,58,59
      30   00:D899  39 3A 3B 66 66 66 66 66 66 66 66 66 66 66 66 66 
      30   00:D8A9  66 66 66 66 66 66 66 66 66 66 66 66 66 66 66 66 
      30   00:D8B9  66 66 66 66 66 66 66 66 66 66 66 66 66 66 66 66 
      30   00:D8C9  66 66 66 66 66 66 66 66 66 66 66 66 66 66 66 66 
      30   00:D8D9  66 66 66 66 66 66 66 66 66 66 66 66 66 66 66 66 
      30   00:D8E9  66 66 66 66 66 66 66 66 66 66 66 66 66 66 66 66 
      30   00:D8F9  66 66 66 66 66 66 66 66 66 66 66 66 66 66 66 66 
      30   00:D909  66 66 66 66 66 66 66 66 66 66 66 66 66 66 66 66 
      30   00:D919  66 66 66 66 66 66 66 66 66 66 66 66 66 66 66 66 
      30   00:D929  66 66 66 66 66 66 66 66 66 66 66 66 66 66 66 66 
      30   00:D939  66 66 66 66 66 66 66 66 66 66 66 66 66 66 66 66 
      30   00:D949  66 66 66 66 66 66 66 66 66 66 66 66 66 66 66 66 
      30   00:D959  66 66 66 66 66 39 3A 3B 
      31   00:D961                          db 89,90,91,7,7,7,7,7,7,7,7,36,37,7,7,7,7,7,7,7,7,7,7,7,7,7,7,7,7,7,7,7,7,7,7,7,7,7,7,7,7,7,7,7,7,7,7,7,7,7,7,7,7,7,7,7,7,7,7,7,7,7,7,7,7,7,7,7,7,7,7,7,7,7,7,7,7,7,7,7,7,7,7,7,7,7,7,7,7,7,7,7,7,7,7,7,7,7,7,7,7,7,7,7,7,7,7,7,7,7,7,7,7,7,7,7,7,7,7,7,7,7,7,7,7,7,7,7,7,7,7,7,7,7,7,7,7,7,7,7,7,7,7,7,7,7,7,7,7,7,7,7,7,7,7,7,7,7,7,7,7,7,7,7,7,7,7,7,7,7,7,7,7,7,7,7,7,7,7,7,7,7,7,7,7,7,36,37,7,7,7,7,7,7,7,7,7,89,90,91
      31   00:D961  59 5A 5B 07 07 07 07 07 07 07 07 24 25 07 07 07 
      31   00:D971  07 07 07 07 07 07 07 07 07 07 07 07 07 07 07 07 
      31   00:D981  07 07 07 07 07 07 07 07 07 07 07 07 07 07 07 07 
      31   00:D991  07 07 07 07 07 07 07 07 07 07 07 07 07 07 07 07 
      31   00:D9A1  07 07 07 07 07 07 07 07 07 07 07 07 07 07 07 07 
      31   00:D9B1  07 07 07 07 07 07 07 07 07 07 07 07 07 07 07 07 
      31   00:D9C1  07 07 07 07 07 07 07 07 07 07 07 07 07 07 07 07 
      31   00:D9D1  07 07 07 07 07 07 07 07 07 07 07 07 07 07 07 07 
      31   00:D9E1  07 07 07 07 07 07 07 07 07 07 07 07 07 07 07 07 
      31   00:D9F1  07 07 07 07 07 07 07 07 07 07 07 07 07 07 07 07 
      31   00:DA01  07 07 07 07 07 07 07 07 07 07 07 07 07 07 07 07 
      31   00:DA11  07 07 07 07 07 07 07 07 07 07 24 25 07 07 07 07 
      31   00:DA21  07 07 07 07 07 59 5A 5B 
      32   00:DA29                          db 25,26,27,7,7,7,7,7,7,7,7,7,7,7,7,7,7,7,7,7,7,7,7,7,7,7,7,7,7,7,71,72,7,7,7,7,7,7,7,7,7,7,7,7,7,7,7,7,7,7,7,7,7,7,7,7,7,7,7,7,36,37,7,7,7,7,7,7,7,7,7,7,7,7,7,7,7,7,7,7,7,7,7,7,7,36,37,7,7,7,7,7,7,7,7,7,7,7,7,7,7,7,7,7,7,7,7,7,7,7,7,7,7,7,7,7,7,7,7,7,7,7,7,7,7,7,7,7,7,7,7,7,7,7,7,7,7,7,7,7,7,7,7,7,7,7,7,7,7,7,7,7,7,7,7,7,7,7,7,7,7,7,7,7,7,7,36,37,7,7,7,7,7,7,7,7,7,7,7,7,7,7,7,7,7,7,7,7,7,7,7,7,7,7,7,7,7,25,26,27
      32   00:DA29  19 1A 1B 07 07 07 07 07 07 07 07 07 07 07 07 07 
      32   00:DA39  07 07 07 07 07 07 07 07 07 07 07 07 07 07 47 48 
      32   00:DA49  07 07 07 07 07 07 07 07 07 07 07 07 07 07 07 07 
      32   00:DA59  07 07 07 07 07 07 07 07 07 07 07 07 24 25 07 07 
      32   00:DA69  07 07 07 07 07 07 07 07 07 07 07 07 07 07 07 07 
      32   00:DA79  07 07 07 07 07 24 25 07 07 07 07 07 07 07 07 07 
      32   00:DA89  07 07 07 07 07 07 07 07 07 07 07 07 07 07 07 07 
      32   00:DA99  07 07 07 07 07 07 07 07 07 07 07 07 07 07 07 07 
      32   00:DAA9  07 07 07 07 07 07 07 07 07 07 07 07 07 07 07 07 
      32   00:DAB9  07 07 07 07 07 07 07 07 07 07 07 07 07 07 07 07 
      32   00:DAC9  07 07 07 07 07 07 24 25 07 07 07 07 07 07 07 07 
      32   00:DAD9  07 07 07 07 07 07 07 07 07 07 07 07 07 07 07 07 
      32   00:DAE9  07 07 07 07 07 19 1A 1B 
      33   00:DAF1                          db 57,58,59,7,7,7,7,7,7,7,7,7,7,7,7,7,7,7,7,7,7,7,7,7,7,7,7,7,7,7,103,104,7,7,7,7,7,7,7,7,7,7,7,7,7,7,7,7,7,7,7,7,7,7,7,7,7,7,7,7,7,7,7,7,7,7,7,7,7,7,7,7,7,7,7,7,7,7,7,7,7,7,7,7,7,7,7,7,7,7,7,7,7,7,7,7,7,7,7,7,7,7,7,7,7,7,7,7,7,7,7,7,7,7,174,174,7,7,7,7,7,7,7,7,7,7,7,7,7,7,7,7,7,7,7,7,7,7,7,7,7,7,7,7,7,7,7,7,7,7,7,7,7,7,7,7,7,7,7,7,7,7,7,7,7,7,7,7,7,7,7,7,7,7,7,7,7,7,7,7,7,7,7,7,7,7,7,7,7,7,7,7,7,7,7,7,7,57,58,59
      33   00:DAF1  39 3A 3B 07 07 07 07 07 07 07 07 07 07 07 07 07 
      33   00:DB01  07 07 07 07 07 07 07 07 07 07 07 07 07 07 67 68 
      33   00:DB11  07 07 07 07 07 07 07 07 07 07 07 07 07 07 07 07 
      33   00:DB21  07 07 07 07 07 07 07 07 07 07 07 07 07 07 07 07 
      33   00:DB31  07 07 07 07 07 07 07 07 07 07 07 07 07 07 07 07 
      33   00:DB41  07 07 07 07 07 07 07 07 07 07 07 07 07 07 07 07 
      33   00:DB51  07 07 07 07 07 07 07 07 07 07 07 07 07 07 07 07 
      33   00:DB61  07 07 AE AE 07 07 07 07 07 07 07 07 07 07 07 07 
      33   00:DB71  07 07 07 07 07 07 07 07 07 07 07 07 07 07 07 07 
      33   00:DB81  07 07 07 07 07 07 07 07 07 07 07 07 07 07 07 07 
      33   00:DB91  07 07 07 07 07 07 07 07 07 07 07 07 07 07 07 07 
      33   00:DBA1  07 07 07 07 07 07 07 07 07 07 07 07 07 07 07 07 
      33   00:DBB1  07 07 07 07 07 39 3A 3B 
      34   00:DBB9                          db 89,90,91,7,7,7,7,7,7,7,7,7,7,7,7,7,7,7,7,7,7,7,7,7,7,7,7,7,7,7,135,136,7,7,7,7,7,7,166,166,7,7,7,7,7,7,7,7,7,7,7,7,7,7,7,7,7,7,7,7,7,7,7,7,7,7,7,7,7,7,7,7,7,7,7,7,7,7,7,7,7,7,7,7,7,7,7,7,7,7,7,7,7,7,7,7,7,7,7,7,7,7,7,7,7,7,7,7,0,1,2,7,7,7,7,7,174,174,7,7,7,7,7,7,7,7,7,7,7,7,7,7,7,7,7,7,7,7,7,7,7,7,7,7,7,7,7,7,7,7,7,7,7,7,7,7,0,1,2,7,7,7,7,7,7,7,7,7,7,7,7,7,7,7,7,7,7,7,7,7,7,7,7,7,7,7,7,7,7,7,7,7,7,7,7,7,7,89,90,91
      34   00:DBB9  59 5A 5B 07 07 07 07 07 07 07 07 07 07 07 07 07 
      34   00:DBC9  07 07 07 07 07 07 07 07 07 07 07 07 07 07 87 88 
      34   00:DBD9  07 07 07 07 07 07 A6 A6 07 07 07 07 07 07 07 07 
      34   00:DBE9  07 07 07 07 07 07 07 07 07 07 07 07 07 07 07 07 
      34   00:DBF9  07 07 07 07 07 07 07 07 07 07 07 07 07 07 07 07 
      34   00:DC09  07 07 07 07 07 07 07 07 07 07 07 07 07 07 07 07 
      34   00:DC19  07 07 07 07 07 07 07 07 07 07 07 07 00 01 02 07 
      34   00:DC29  07 07 07 07 AE AE 07 07 07 07 07 07 07 07 07 07 
      34   00:DC39  07 07 07 07 07 07 07 07 07 07 07 07 07 07 07 07 
      34   00:DC49  07 07 07 07 07 07 07 07 07 07 07 07 00 01 02 07 
      34   00:DC59  07 07 07 07 07 07 07 07 07 07 07 07 07 07 07 07 
      34   00:DC69  07 07 07 07 07 07 07 07 07 07 07 07 07 07 07 07 
      34   00:DC79  07 07 07 07 07 59 5A 5B 
      35   00:DC81                          db 25,26,27,7,7,7,7,7,7,7,7,7,7,7,7,7,7,7,7,7,7,7,7,7,7,7,7,7,7,7,7,7,7,7,7,7,7,7,7,7,166,166,7,7,7,7,7,7,7,7,7,7,7,7,7,7,7,7,7,7,7,7,7,7,7,7,7,7,7,7,7,7,7,7,7,7,7,7,7,7,7,7,7,7,7,7,7,7,7,7,7,7,7,7,7,7,7,7,7,7,7,7,7,7,7,7,7,7,7,7,7,7,7,7,7,7,7,7,174,174,174,7,7,7,7,7,7,7,7,7,7,7,7,7,7,7,7,7,7,7,7,7,7,7,7,7,7,7,7,7,7,7,7,7,7,7,7,7,7,7,7,7,7,7,7,7,7,7,7,7,7,7,7,0,1,2,7,7,7,7,7,7,7,7,7,7,7,7,7,7,7,7,7,7,7,7,7,25,26,27
      35   00:DC81  19 1A 1B 07 07 07 07 07 07 07 07 07 07 07 07 07 
      35   00:DC91  07 07 07 07 07 07 07 07 07 07 07 07 07 07 07 07 
      35   00:DCA1  07 07 07 07 07 07 07 07 A6 A6 07 07 07 07 07 07 
      35   00:DCB1  07 07 07 07 07 07 07 07 07 07 07 07 07 07 07 07 
      35   00:DCC1  07 07 07 07 07 07 07 07 07 07 07 07 07 07 07 07 
      35   00:DCD1  07 07 07 07 07 07 07 07 07 07 07 07 07 07 07 07 
      35   00:DCE1  07 07 07 07 07 07 07 07 07 07 07 07 07 07 07 07 
      35   00:DCF1  07 07 07 07 07 07 AE AE AE 07 07 07 07 07 07 07 
      35   00:DD01  07 07 07 07 07 07 07 07 07 07 07 07 07 07 07 07 
      35   00:DD11  07 07 07 07 07 07 07 07 07 07 07 07 07 07 07 07 
      35   00:DD21  07 07 07 07 07 07 07 07 07 07 07 07 07 00 01 02 
      35   00:DD31  07 07 07 07 07 07 07 07 07 07 07 07 07 07 07 07 
      35   00:DD41  07 07 07 07 07 19 1A 1B 
      36   00:DD49                          db 57,58,59,7,7,7,7,7,7,7,7,7,7,7,7,7,7,7,7,7,7,7,7,7,7,7,7,7,7,7,7,7,7,7,7,7,7,7,7,7,7,7,166,166,167,166,166,7,7,7,227,228,227,7,7,174,227,227,227,227,7,7,7,7,7,170,171,171,7,7,7,7,7,7,7,7,7,7,7,7,7,7,7,7,7,7,7,7,7,7,7,7,7,0,1,2,7,7,7,7,7,7,7,7,7,7,7,7,7,7,7,7,7,7,7,7,7,7,7,7,7,174,174,7,7,7,7,7,7,7,7,7,7,7,0,1,2,7,7,7,7,7,7,7,7,7,7,7,7,7,7,7,7,7,7,7,7,7,7,7,7,7,7,227,7,7,7,7,7,7,7,7,7,7,7,7,7,7,7,7,7,7,7,7,7,7,7,7,7,7,7,7,7,7,7,7,7,57,58,59
      36   00:DD49  39 3A 3B 07 07 07 07 07 07 07 07 07 07 07 07 07 
      36   00:DD59  07 07 07 07 07 07 07 07 07 07 07 07 07 07 07 07 
      36   00:DD69  07 07 07 07 07 07 07 07 07 07 A6 A6 A7 A6 A6 07 
      36   00:DD79  07 07 E3 E4 E3 07 07 AE E3 E3 E3 E3 07 07 07 07 
      36   00:DD89  07 AA AB AB 07 07 07 07 07 07 07 07 07 07 07 07 
      36   00:DD99  07 07 07 07 07 07 07 07 07 07 07 07 07 00 01 02 
      36   00:DDA9  07 07 07 07 07 07 07 07 07 07 07 07 07 07 07 07 
      36   00:DDB9  07 07 07 07 07 07 07 07 07 AE AE 07 07 07 07 07 
      36   00:DDC9  07 07 07 07 07 07 00 01 02 07 07 07 07 07 07 07 
      36   00:DDD9  07 07 07 07 07 07 07 07 07 07 07 07 07 07 07 07 
      36   00:DDE9  07 07 07 E3 07 07 07 07 07 07 07 07 07 07 07 07 
      36   00:DDF9  07 07 07 07 07 07 07 07 07 07 07 07 07 07 07 07 
      36   00:DE09  07 07 07 07 07 39 3A 3B 
      37   00:DE11                          db 89,90,91,7,7,7,7,7,7,174,174,7,7,7,7,7,7,7,7,7,7,7,7,7,7,7,7,7,7,7,7,7,7,7,7,7,7,0,1,2,7,7,7,7,7,7,7,7,7,227,228,227,228,7,7,7,227,227,228,227,228,7,7,7,7,7,7,7,170,171,7,7,7,7,7,7,7,7,7,7,7,7,7,7,7,7,7,7,7,7,7,7,7,7,7,7,7,7,7,7,7,7,7,7,7,7,7,7,7,7,7,7,7,7,7,7,7,7,7,174,174,174,174,174,7,7,7,7,7,7,7,7,7,7,7,7,7,7,7,7,7,7,7,7,7,7,7,7,7,7,7,7,7,7,7,7,7,7,7,7,7,227,227,227,7,7,7,7,7,7,7,7,7,7,7,7,7,7,7,7,7,7,7,7,7,7,7,7,7,7,7,7,7,7,7,7,7,89,90,91
      37   00:DE11  59 5A 5B 07 07 07 07 07 07 AE AE 07 07 07 07 07 
      37   00:DE21  07 07 07 07 07 07 07 07 07 07 07 07 07 07 07 07 
      37   00:DE31  07 07 07 07 07 00 01 02 07 07 07 07 07 07 07 07 
      37   00:DE41  07 E3 E4 E3 E4 07 07 07 E3 E3 E4 E3 E4 07 07 07 
      37   00:DE51  07 07 07 07 AA AB 07 07 07 07 07 07 07 07 07 07 
      37   00:DE61  07 07 07 07 07 07 07 07 07 07 07 07 07 07 07 07 
      37   00:DE71  07 07 07 07 07 07 07 07 07 07 07 07 07 07 07 07 
      37   00:DE81  07 07 07 07 07 07 07 AE AE AE AE AE 07 07 07 07 
      37   00:DE91  07 07 07 07 07 07 07 07 07 07 07 07 07 07 07 07 
      37   00:DEA1  07 07 07 07 07 07 07 07 07 07 07 07 07 07 07 07 
      37   00:DEB1  07 E3 E3 E3 07 07 07 07 07 07 07 07 07 07 07 07 
      37   00:DEC1  07 07 07 07 07 07 07 07 07 07 07 07 07 07 07 07 
      37   00:DED1  07 07 07 07 07 59 5A 5B 
      38   00:DED9                          db 22,23,24,7,7,7,7,174,174,7,7,7,7,7,7,7,7,7,7,7,7,0,1,2,7,7,7,7,7,7,7,7,7,7,7,7,7,7,7,7,7,7,7,7,7,7,7,7,227,228,227,228,227,174,7,7,227,227,227,228,227,228,7,7,7,7,7,7,7,7,170,170,170,170,171,172,7,7,7,170,170,170,171,172,7,7,7,7,7,7,7,7,7,7,7,7,7,7,7,7,7,7,7,7,7,7,7,7,7,7,7,7,7,7,7,7,174,174,174,174,174,174,174,174,7,7,7,7,7,7,7,7,7,7,7,7,7,7,7,7,7,7,7,7,7,7,7,7,7,7,7,7,7,7,7,227,227,227,227,7,227,227,227,227,227,7,7,7,7,7,7,7,7,7,7,7,7,7,7,7,7,7,7,7,7,7,7,7,7,7,7,7,7,7,7,7,7,19,20,21
      38   00:DED9  16 17 18 07 07 07 07 AE AE 07 07 07 07 07 07 07 
      38   00:DEE9  07 07 07 07 07 00 01 02 07 07 07 07 07 07 07 07 
      38   00:DEF9  07 07 07 07 07 07 07 07 07 07 07 07 07 07 07 07 
      38   00:DF09  E3 E4 E3 E4 E3 AE 07 07 E3 E3 E3 E4 E3 E4 07 07 
      38   00:DF19  07 07 07 07 07 07 AA AA AA AA AB AC 07 07 07 AA 
      38   00:DF29  AA AA AB AC 07 07 07 07 07 07 07 07 07 07 07 07 
      38   00:DF39  07 07 07 07 07 07 07 07 07 07 07 07 07 07 07 07 
      38   00:DF49  07 07 07 07 AE AE AE AE AE AE AE AE 07 07 07 07 
      38   00:DF59  07 07 07 07 07 07 07 07 07 07 07 07 07 07 07 07 
      38   00:DF69  07 07 07 07 07 07 07 07 07 07 07 E3 E3 E3 E3 07 
      38   00:DF79  E3 E3 E3 E3 E3 07 07 07 07 07 07 07 07 07 07 07 
      38   00:DF89  07 07 07 07 07 07 07 07 07 07 07 07 07 07 07 07 
      38   00:DF99  07 07 07 07 07 13 14 15 
      39   00:DFA1                          db 54,55,56,7,7,7,174,7,7,7,7,7,7,7,7,7,7,7,7,7,7,7,7,7,7,7,7,7,7,7,7,7,7,7,7,7,7,7,7,7,7,7,7,7,7,7,7,227,228,227,227,228,227,7,7,7,227,227,227,228,227,228,227,7,7,7,7,7,7,7,7,7,7,7,7,170,170,170,171,172,7,7,7,7,7,7,7,7,7,7,7,7,7,7,7,7,7,7,7,7,7,7,7,7,7,7,7,7,7,7,7,7,7,7,7,7,174,174,174,174,174,174,174,174,7,7,7,7,7,7,7,7,7,7,7,7,7,7,7,7,7,7,7,7,7,7,7,7,7,7,7,7,7,7,227,227,7,7,7,7,7,7,7,227,227,227,7,7,7,7,7,7,7,7,7,7,7,7,7,7,7,7,7,7,7,7,7,7,7,7,7,7,7,7,7,7,7,51,52,53
      39   00:DFA1  36 37 38 07 07 07 AE 07 07 07 07 07 07 07 07 07 
      39   00:DFB1  07 07 07 07 07 07 07 07 07 07 07 07 07 07 07 07 
      39   00:DFC1  07 07 07 07 07 07 07 07 07 07 07 07 07 07 07 E3 
      39   00:DFD1  E4 E3 E3 E4 E3 07 07 07 E3 E3 E3 E4 E3 E4 E3 07 
      39   00:DFE1  07 07 07 07 07 07 07 07 07 07 07 AA AA AA AB AC 
      39   00:DFF1  07 07 07 07 07 07 07 07 07 07 07 07 07 07 07 07 
      39   00:E001  07 07 07 07 07 07 07 07 07 07 07 07 07 07 07 07 
      39   00:E011  07 07 07 07 AE AE AE AE AE AE AE AE 07 07 07 07 
      39   00:E021  07 07 07 07 07 07 07 07 07 07 07 07 07 07 07 07 
      39   00:E031  07 07 07 07 07 07 07 07 07 07 E3 E3 07 07 07 07 
      39   00:E041  07 07 07 E3 E3 E3 07 07 07 07 07 07 07 07 07 07 
      39   00:E051  07 07 07 07 07 07 07 07 07 07 07 07 07 07 07 07 
      39   00:E061  07 07 07 07 07 33 34 35 
      40   00:E069                          db 86,87,88,174,174,174,174,7,7,7,7,7,7,7,7,7,7,7,7,7,7,7,7,7,7,7,7,7,7,7,7,7,7,7,7,7,7,7,7,7,7,7,7,7,7,7,227,228,227,228,227,227,227,7,7,174,227,227,228,227,228,227,228,228,7,7,7,7,7,7,7,7,7,7,7,7,7,7,7,7,7,7,7,7,7,7,7,7,7,174,7,7,7,7,7,7,7,7,7,7,7,7,7,7,7,7,7,7,7,7,7,7,7,7,174,174,174,174,174,174,174,174,174,174,174,7,7,7,7,7,7,7,7,7,7,7,7,7,7,7,7,7,7,7,7,7,7,7,7,7,7,7,7,7,227,227,7,7,7,7,7,7,7,7,7,227,227,7,7,7,7,7,7,7,7,7,7,7,7,7,7,7,7,7,7,7,7,7,7,7,7,7,7,7,7,7,7,83,84,85
      40   00:E069  56 57 58 AE AE AE AE 07 07 07 07 07 07 07 07 07 
      40   00:E079  07 07 07 07 07 07 07 07 07 07 07 07 07 07 07 07 
      40   00:E089  07 07 07 07 07 07 07 07 07 07 07 07 07 07 E3 E4 
      40   00:E099  E3 E4 E3 E3 E3 07 07 AE E3 E3 E4 E3 E4 E3 E4 E4 
      40   00:E0A9  07 07 07 07 07 07 07 07 07 07 07 07 07 07 07 07 
      40   00:E0B9  07 07 07 07 07 07 07 07 07 AE 07 07 07 07 07 07 
      40   00:E0C9  07 07 07 07 07 07 07 07 07 07 07 07 07 07 07 07 
      40   00:E0D9  07 07 AE AE AE AE AE AE AE AE AE AE AE 07 07 07 
      40   00:E0E9  07 07 07 07 07 07 07 07 07 07 07 07 07 07 07 07 
      40   00:E0F9  07 07 07 07 07 07 07 07 07 07 E3 E3 07 07 07 07 
      40   00:E109  07 07 07 07 07 E3 E3 07 07 07 07 07 07 07 07 07 
      40   00:E119  07 07 07 07 07 07 07 07 07 07 07 07 07 07 07 07 
      40   00:E129  07 07 07 07 07 53 54 55 
      41   00:E131                          db 160,161,162,163,164,165,160,160,160,160,160,160,161,7,7,161,160,160,161,162,160,165,165,165,160,161,160,161,160,160,160,160,161,160,161,161,162,163,164,165,161,162,163,164,160,161,162,163,164,165,160,160,160,7,7,7,160,161,162,160,161,162,163,164,160,161,162,163,164,160,161,162,163,164,160,161,162,163,164,160,161,162,163,164,160,161,162,160,161,162,7,7,160,161,7,7,164,160,7,7,163,164,7,7,161,162,163,164,160,161,162,163,160,161,162,163,164,165,160,161,162,163,160,161,162,163,160,161,162,163,164,160,161,162,160,161,162,163,160,161,162,163,164,160,160,161,162,160,161,162,163,160,161,162,163,160,161,162,163,164,160,161,162,163,164,160,161,162,163,160,161,162,163,164,160,161,162,163,160,161,162,160,161,162,163,164,165,160,161,162,163,160,161,162,163,160,161,162,160,160
      41   00:E131  A0 A1 A2 A3 A4 A5 A0 A0 A0 A0 A0 A0 A1 07 07 A1 
      41   00:E141  A0 A0 A1 A2 A0 A5 A5 A5 A0 A1 A0 A1 A0 A0 A0 A0 
      41   00:E151  A1 A0 A1 A1 A2 A3 A4 A5 A1 A2 A3 A4 A0 A1 A2 A3 
      41   00:E161  A4 A5 A0 A0 A0 07 07 07 A0 A1 A2 A0 A1 A2 A3 A4 
      41   00:E171  A0 A1 A2 A3 A4 A0 A1 A2 A3 A4 A0 A1 A2 A3 A4 A0 
      41   00:E181  A1 A2 A3 A4 A0 A1 A2 A0 A1 A2 07 07 A0 A1 07 07 
      41   00:E191  A4 A0 07 07 A3 A4 07 07 A1 A2 A3 A4 A0 A1 A2 A3 
      41   00:E1A1  A0 A1 A2 A3 A4 A5 A0 A1 A2 A3 A0 A1 A2 A3 A0 A1 
      41   00:E1B1  A2 A3 A4 A0 A1 A2 A0 A1 A2 A3 A0 A1 A2 A3 A4 A0 
      41   00:E1C1  A0 A1 A2 A0 A1 A2 A3 A0 A1 A2 A3 A0 A1 A2 A3 A4 
      41   00:E1D1  A0 A1 A2 A3 A4 A0 A1 A2 A3 A0 A1 A2 A3 A4 A0 A1 
      41   00:E1E1  A2 A3 A0 A1 A2 A0 A1 A2 A3 A4 A5 A0 A1 A2 A3 A0 
      41   00:E1F1  A1 A2 A3 A0 A1 A2 A0 A0 
      42   00:E1F9                      
      43   00:E1F9                      
      44   00:E1F9                      
      45   00:E1F9                      
      46   00:E1F9                      FINAL:

    LABELS
-------------------------------------------------
00:0000D000   INICIO
00:0000D001 X level0
00:0000E1F9   FINAL


 Output: world0.out
-------------------------------------------------

 Page: 00
  Org: 0000D000  Size: *  Used: 00000000

    No output

 Output: world0.bin
-------------------------------------------------

 Page: 00
  Org: 0000D000  Size: *  Used: 00001200

   Address   Length Align   Label
   0000D000    4608         INICIO
